{"D:\\FAITH-POS\\faith-pos\\backend\\src\\config\\env.ts": {"path":"D:\\FAITH-POS\\faith-pos\\backend\\src\\config\\env.ts","statementMap":{"0":{"start":{"line":1,"column":13},"end":{"line":16,"column":2}}},"fnMap":{},"branchMap":{},"s":{"0":0},"f":{},"b":{}}
,"D:\\FAITH-POS\\faith-pos\\backend\\src\\handlers\\WebhookHandler.ts": {"path":"D:\\FAITH-POS\\faith-pos\\backend\\src\\handlers\\WebhookHandler.ts","statementMap":{"0":{"start":{"line":7,"column":0},"end":{"line":7,"column":82}},"1":{"start":{"line":20,"column":10},"end":{"line":20,"column":70}},"2":{"start":{"line":27,"column":4},"end":{"line":27,"column":41}},"3":{"start":{"line":28,"column":4},"end":{"line":28,"column":47}},"4":{"start":{"line":29,"column":4},"end":{"line":29,"column":55}},"5":{"start":{"line":43,"column":42},"end":{"line":49,"column":6}},"6":{"start":{"line":51,"column":4},"end":{"line":148,"column":5}},"7":{"start":{"line":54,"column":29},"end":{"line":56,"column":null}},"8":{"start":{"line":59,"column":6},"end":{"line":59,"column":50}},"9":{"start":{"line":61,"column":6},"end":{"line":69,"column":7}},"10":{"start":{"line":62,"column":8},"end":{"line":62,"column":51}},"11":{"start":{"line":63,"column":8},"end":{"line":63,"column":48}},"12":{"start":{"line":64,"column":8},"end":{"line":64,"column":55}},"13":{"start":{"line":65,"column":8},"end":{"line":65,"column":48}},"14":{"start":{"line":68,"column":8},"end":{"line":68,"column":62}},"15":{"start":{"line":72,"column":6},"end":{"line":81,"column":7}},"16":{"start":{"line":73,"column":30},"end":{"line":73,"column":78}},"17":{"start":{"line":74,"column":8},"end":{"line":74,"column":89}},"18":{"start":{"line":76,"column":8},"end":{"line":76,"column":72}},"19":{"start":{"line":77,"column":8},"end":{"line":77,"column":48}},"20":{"start":{"line":78,"column":8},"end":{"line":78,"column":123}},"21":{"start":{"line":79,"column":8},"end":{"line":79,"column":48}},"22":{"start":{"line":80,"column":8},"end":{"line":80,"column":62}},"23":{"start":{"line":84,"column":26},"end":{"line":84,"column":50}},"24":{"start":{"line":85,"column":32},"end":{"line":85,"column":61}},"25":{"start":{"line":86,"column":25},"end":{"line":86,"column":47}},"26":{"start":{"line":90,"column":20},"end":{"line":90,"column":73}},"27":{"start":{"line":92,"column":6},"end":{"line":101,"column":7}},"28":{"start":{"line":94,"column":8},"end":{"line":94,"column":92}},"29":{"start":{"line":95,"column":8},"end":{"line":95,"column":48}},"30":{"start":{"line":96,"column":8},"end":{"line":96,"column":63}},"31":{"start":{"line":97,"column":8},"end":{"line":97,"column":71}},"32":{"start":{"line":100,"column":8},"end":{"line":100,"column":62}},"33":{"start":{"line":105,"column":6},"end":{"line":112,"column":7}},"34":{"start":{"line":106,"column":8},"end":{"line":106,"column":88}},"35":{"start":{"line":107,"column":8},"end":{"line":107,"column":48}},"36":{"start":{"line":108,"column":8},"end":{"line":108,"column":55}},"37":{"start":{"line":109,"column":8},"end":{"line":109,"column":51}},"38":{"start":{"line":110,"column":8},"end":{"line":110,"column":48}},"39":{"start":{"line":111,"column":8},"end":{"line":111,"column":62}},"40":{"start":{"line":114,"column":6},"end":{"line":114,"column":49}},"41":{"start":{"line":118,"column":6},"end":{"line":127,"column":7}},"42":{"start":{"line":120,"column":8},"end":{"line":120,"column":76}},"43":{"start":{"line":121,"column":8},"end":{"line":121,"column":49}},"44":{"start":{"line":124,"column":33},"end":{"line":124,"column":74}},"45":{"start":{"line":125,"column":8},"end":{"line":125,"column":90}},"46":{"start":{"line":126,"column":8},"end":{"line":126,"column":49}},"47":{"start":{"line":129,"column":6},"end":{"line":129,"column":43}},"48":{"start":{"line":130,"column":6},"end":{"line":130,"column":46}},"49":{"start":{"line":134,"column":6},"end":{"line":134,"column":74}},"50":{"start":{"line":136,"column":6},"end":{"line":136,"column":67}},"51":{"start":{"line":137,"column":6},"end":{"line":137,"column":88}},"52":{"start":{"line":138,"column":6},"end":{"line":138,"column":46}},"53":{"start":{"line":140,"column":6},"end":{"line":144,"column":7}},"54":{"start":{"line":141,"column":8},"end":{"line":141,"column":48}},"55":{"start":{"line":143,"column":8},"end":{"line":143,"column":60}},"56":{"start":{"line":147,"column":6},"end":{"line":147,"column":60}},"57":{"start":{"line":159,"column":4},"end":{"line":185,"column":5}},"58":{"start":{"line":161,"column":6},"end":{"line":169,"column":9}},"59":{"start":{"line":173,"column":6},"end":{"line":181,"column":7}},"60":{"start":{"line":174,"column":23},"end":{"line":174,"column":83}},"61":{"start":{"line":175,"column":8},"end":{"line":177,"column":9}},"62":{"start":{"line":176,"column":10},"end":{"line":176,"column":91}},"63":{"start":{"line":179,"column":8},"end":{"line":179,"column":101}},"64":{"start":{"line":183,"column":6},"end":{"line":183,"column":86}},"65":{"start":{"line":184,"column":6},"end":{"line":184,"column":18}},"66":{"start":{"line":196,"column":4},"end":{"line":213,"column":5}},"67":{"start":{"line":197,"column":6},"end":{"line":205,"column":9}},"68":{"start":{"line":208,"column":26},"end":{"line":208,"column":78}},"69":{"start":{"line":209,"column":6},"end":{"line":209,"column":78}},"70":{"start":{"line":211,"column":6},"end":{"line":211,"column":83}},"71":{"start":{"line":212,"column":6},"end":{"line":212,"column":18}},"72":{"start":{"line":220,"column":44},"end":{"line":225,"column":6}},"73":{"start":{"line":227,"column":4},"end":{"line":229,"column":5}},"74":{"start":{"line":228,"column":6},"end":{"line":228,"column":33}},"75":{"start":{"line":231,"column":4},"end":{"line":241,"column":5}},"76":{"start":{"line":232,"column":6},"end":{"line":234,"column":7}},"77":{"start":{"line":233,"column":8},"end":{"line":233,"column":58}},"78":{"start":{"line":235,"column":6},"end":{"line":237,"column":7}},"79":{"start":{"line":236,"column":8},"end":{"line":236,"column":54}},"80":{"start":{"line":238,"column":6},"end":{"line":240,"column":7}},"81":{"start":{"line":239,"column":8},"end":{"line":239,"column":57}},"82":{"start":{"line":243,"column":4},"end":{"line":243,"column":81}},"83":{"start":{"line":255,"column":4},"end":{"line":267,"column":5}},"84":{"start":{"line":256,"column":6},"end":{"line":258,"column":8}},"85":{"start":{"line":261,"column":6},"end":{"line":261,"column":80}},"86":{"start":{"line":262,"column":6},"end":{"line":262,"column":46}},"87":{"start":{"line":266,"column":6},"end":{"line":266,"column":67}},"88":{"start":{"line":282,"column":4},"end":{"line":285,"column":5}},"89":{"start":{"line":283,"column":6},"end":{"line":283,"column":72}},"90":{"start":{"line":284,"column":6},"end":{"line":284,"column":13}},"91":{"start":{"line":288,"column":19},"end":{"line":288,"column":60}},"92":{"start":{"line":289,"column":20},"end":{"line":289,"column":38}},"93":{"start":{"line":292,"column":24},"end":{"line":292,"column":54}},"94":{"start":{"line":293,"column":4},"end":{"line":297,"column":5}},"95":{"start":{"line":294,"column":6},"end":{"line":294,"column":82}},"96":{"start":{"line":296,"column":6},"end":{"line":296,"column":69}},"97":{"start":{"line":300,"column":23},"end":{"line":308,"column":15}},"98":{"start":{"line":301,"column":6},"end":{"line":307,"column":11}},"99":{"start":{"line":303,"column":10},"end":{"line":303,"column":58}},"100":{"start":{"line":306,"column":10},"end":{"line":306,"column":55}},"101":{"start":{"line":310,"column":4},"end":{"line":310,"column":58}},"102":{"start":{"line":318,"column":4},"end":{"line":325,"column":5}},"103":{"start":{"line":322,"column":6},"end":{"line":322,"column":51}},"104":{"start":{"line":324,"column":6},"end":{"line":324,"column":66}},"105":{"start":{"line":333,"column":4},"end":{"line":338,"column":5}},"106":{"start":{"line":335,"column":6},"end":{"line":335,"column":52}},"107":{"start":{"line":337,"column":6},"end":{"line":337,"column":62}},"108":{"start":{"line":349,"column":4},"end":{"line":354,"column":5}},"109":{"start":{"line":351,"column":6},"end":{"line":351,"column":99}},"110":{"start":{"line":353,"column":6},"end":{"line":353,"column":64}},"111":{"start":{"line":362,"column":4},"end":{"line":369,"column":5}},"112":{"start":{"line":365,"column":6},"end":{"line":365,"column":18}},"113":{"start":{"line":367,"column":6},"end":{"line":367,"column":71}},"114":{"start":{"line":368,"column":6},"end":{"line":368,"column":18}},"115":{"start":{"line":376,"column":18},"end":{"line":376,"column":59}},"116":{"start":{"line":377,"column":4},"end":{"line":380,"column":5}},"117":{"start":{"line":378,"column":6},"end":{"line":378,"column":26}},"118":{"start":{"line":379,"column":6},"end":{"line":379,"column":51}},"119":{"start":{"line":387,"column":4},"end":{"line":387,"column":66}},"120":{"start":{"line":387,"column":45},"end":{"line":387,"column":64}},"121":{"start":{"line":388,"column":4},"end":{"line":388,"column":36}},"122":{"start":{"line":16,"column":0},"end":{"line":16,"column":13}}},"fnMap":{"0":{"name":"(anonymous_0)","decl":{"start":{"line":22,"column":2},"end":{"line":22,"column":null}},"loc":{"start":{"line":25,"column":48},"end":{"line":30,"column":3}}},"1":{"name":"(anonymous_1)","decl":{"start":{"line":37,"column":2},"end":{"line":37,"column":7}},"loc":{"start":{"line":41,"column":28},"end":{"line":149,"column":3}}},"2":{"name":"(anonymous_2)","decl":{"start":{"line":155,"column":10},"end":{"line":155,"column":15}},"loc":{"start":{"line":157,"column":38},"end":{"line":186,"column":3}}},"3":{"name":"(anonymous_3)","decl":{"start":{"line":191,"column":10},"end":{"line":191,"column":15}},"loc":{"start":{"line":194,"column":23},"end":{"line":214,"column":3}}},"4":{"name":"(anonymous_4)","decl":{"start":{"line":219,"column":10},"end":{"line":219,"column":31}},"loc":{"start":{"line":219,"column":82},"end":{"line":244,"column":3}}},"5":{"name":"(anonymous_5)","decl":{"start":{"line":250,"column":10},"end":{"line":250,"column":15}},"loc":{"start":{"line":253,"column":35},"end":{"line":268,"column":3}}},"6":{"name":"(anonymous_6)","decl":{"start":{"line":274,"column":2},"end":{"line":274,"column":7}},"loc":{"start":{"line":280,"column":22},"end":{"line":311,"column":3}}},"7":{"name":"(anonymous_7)","decl":{"start":{"line":300,"column":34},"end":{"line":300,"column":37}},"loc":{"start":{"line":300,"column":39},"end":{"line":308,"column":5}}},"8":{"name":"(anonymous_8)","decl":{"start":{"line":302,"column":15},"end":{"line":302,"column":20}},"loc":{"start":{"line":302,"column":23},"end":{"line":304,"column":9}}},"9":{"name":"(anonymous_9)","decl":{"start":{"line":305,"column":17},"end":{"line":305,"column":20}},"loc":{"start":{"line":305,"column":22},"end":{"line":307,"column":9}}},"10":{"name":"(anonymous_10)","decl":{"start":{"line":317,"column":2},"end":{"line":317,"column":7}},"loc":{"start":{"line":317,"column":29},"end":{"line":326,"column":3}}},"11":{"name":"(anonymous_11)","decl":{"start":{"line":332,"column":10},"end":{"line":332,"column":15}},"loc":{"start":{"line":332,"column":64},"end":{"line":339,"column":3}}},"12":{"name":"(anonymous_12)","decl":{"start":{"line":344,"column":10},"end":{"line":344,"column":15}},"loc":{"start":{"line":347,"column":21},"end":{"line":355,"column":3}}},"13":{"name":"(anonymous_13)","decl":{"start":{"line":361,"column":10},"end":{"line":361,"column":15}},"loc":{"start":{"line":361,"column":65},"end":{"line":370,"column":3}}},"14":{"name":"(anonymous_14)","decl":{"start":{"line":375,"column":2},"end":{"line":375,"column":18}},"loc":{"start":{"line":375,"column":39},"end":{"line":381,"column":3}}},"15":{"name":"(anonymous_15)","decl":{"start":{"line":386,"column":2},"end":{"line":386,"column":9}},"loc":{"start":{"line":386,"column":9},"end":{"line":389,"column":3}}},"16":{"name":"(anonymous_16)","decl":{"start":{"line":387,"column":36},"end":{"line":387,"column":41}},"loc":{"start":{"line":387,"column":45},"end":{"line":387,"column":64}}}},"branchMap":{"0":{"loc":{"start":{"line":61,"column":6},"end":{"line":69,"column":7}},"type":"if","locations":[{"start":{"line":61,"column":6},"end":{"line":69,"column":7}}]},"1":{"loc":{"start":{"line":78,"column":51},"end":{"line":78,"column":120}},"type":"cond-expr","locations":[{"start":{"line":78,"column":81},"end":{"line":78,"column":99}},{"start":{"line":78,"column":102},"end":{"line":78,"column":120}}]},"2":{"loc":{"start":{"line":92,"column":6},"end":{"line":101,"column":7}},"type":"if","locations":[{"start":{"line":92,"column":6},"end":{"line":101,"column":7}}]},"3":{"loc":{"start":{"line":105,"column":6},"end":{"line":112,"column":7}},"type":"if","locations":[{"start":{"line":105,"column":6},"end":{"line":112,"column":7}}]},"4":{"loc":{"start":{"line":118,"column":6},"end":{"line":127,"column":7}},"type":"if","locations":[{"start":{"line":118,"column":6},"end":{"line":127,"column":7}},{"start":{"line":122,"column":13},"end":{"line":127,"column":7}}]},"5":{"loc":{"start":{"line":124,"column":33},"end":{"line":124,"column":74}},"type":"binary-expr","locations":[{"start":{"line":124,"column":33},"end":{"line":124,"column":55}},{"start":{"line":124,"column":59},"end":{"line":124,"column":74}}]},"6":{"loc":{"start":{"line":137,"column":33},"end":{"line":137,"column":87}},"type":"cond-expr","locations":[{"start":{"line":137,"column":58},"end":{"line":137,"column":71}},{"start":{"line":137,"column":74},"end":{"line":137,"column":87}}]},"7":{"loc":{"start":{"line":175,"column":8},"end":{"line":177,"column":9}},"type":"if","locations":[{"start":{"line":175,"column":8},"end":{"line":177,"column":9}}]},"8":{"loc":{"start":{"line":227,"column":4},"end":{"line":229,"column":5}},"type":"if","locations":[{"start":{"line":227,"column":4},"end":{"line":229,"column":5}}]},"9":{"loc":{"start":{"line":227,"column":8},"end":{"line":227,"column":41}},"type":"binary-expr","locations":[{"start":{"line":227,"column":8},"end":{"line":227,"column":18}},{"start":{"line":227,"column":22},"end":{"line":227,"column":41}}]},"10":{"loc":{"start":{"line":231,"column":4},"end":{"line":241,"column":5}},"type":"if","locations":[{"start":{"line":231,"column":4},"end":{"line":241,"column":5}}]},"11":{"loc":{"start":{"line":232,"column":6},"end":{"line":234,"column":7}},"type":"if","locations":[{"start":{"line":232,"column":6},"end":{"line":234,"column":7}}]},"12":{"loc":{"start":{"line":235,"column":6},"end":{"line":237,"column":7}},"type":"if","locations":[{"start":{"line":235,"column":6},"end":{"line":237,"column":7}}]},"13":{"loc":{"start":{"line":238,"column":6},"end":{"line":240,"column":7}},"type":"if","locations":[{"start":{"line":238,"column":6},"end":{"line":240,"column":7}}]},"14":{"loc":{"start":{"line":243,"column":30},"end":{"line":243,"column":59}},"type":"binary-expr","locations":[{"start":{"line":243,"column":30},"end":{"line":243,"column":40}},{"start":{"line":243,"column":44},"end":{"line":243,"column":59}}]},"15":{"loc":{"start":{"line":282,"column":4},"end":{"line":285,"column":5}},"type":"if","locations":[{"start":{"line":282,"column":4},"end":{"line":285,"column":5}}]},"16":{"loc":{"start":{"line":377,"column":4},"end":{"line":380,"column":5}},"type":"if","locations":[{"start":{"line":377,"column":4},"end":{"line":380,"column":5}}]}},"s":{"0":1,"1":15,"2":15,"3":15,"4":15,"5":11,"6":11,"7":11,"8":10,"9":10,"10":1,"11":1,"12":1,"13":1,"14":1,"15":9,"16":9,"17":8,"18":1,"19":1,"20":1,"21":1,"22":1,"23":8,"24":8,"25":8,"26":8,"27":8,"28":3,"29":3,"30":3,"31":3,"32":3,"33":5,"34":1,"35":1,"36":1,"37":1,"38":1,"39":1,"40":4,"41":4,"42":2,"43":2,"44":2,"45":2,"46":2,"47":4,"48":4,"49":4,"50":1,"51":1,"52":1,"53":1,"54":1,"55":0,"56":1,"57":2,"58":2,"59":2,"60":2,"61":2,"62":0,"63":0,"64":0,"65":0,"66":2,"67":2,"68":2,"69":2,"70":0,"71":0,"72":2,"73":2,"74":2,"75":0,"76":0,"77":0,"78":0,"79":0,"80":0,"81":0,"82":0,"83":3,"84":3,"85":3,"86":3,"87":0,"88":5,"89":1,"90":1,"91":4,"92":4,"93":4,"94":4,"95":4,"96":0,"97":4,"98":0,"99":0,"100":0,"101":4,"102":0,"103":0,"104":0,"105":11,"106":11,"107":0,"108":4,"109":4,"110":0,"111":0,"112":0,"113":0,"114":0,"115":2,"116":2,"117":1,"118":1,"119":2,"120":2,"121":2,"122":1},"f":{"0":15,"1":11,"2":2,"3":2,"4":2,"5":3,"6":5,"7":0,"8":0,"9":0,"10":0,"11":11,"12":4,"13":0,"14":2,"15":2,"16":2},"b":{"0":[1],"1":[1,0],"2":[3],"3":[1],"4":[2,2],"5":[2,0],"6":[1,0],"7":[0],"8":[2],"9":[2,2],"10":[0],"11":[0],"12":[0],"13":[0],"14":[0,0],"15":[1],"16":[1]}}
,"D:\\FAITH-POS\\faith-pos\\backend\\src\\repositories\\PaymentRepository.ts": {"path":"D:\\FAITH-POS\\faith-pos\\backend\\src\\repositories\\PaymentRepository.ts","statementMap":{"0":{"start":{"line":7,"column":0},"end":{"line":7,"column":75}},"1":{"start":{"line":15,"column":22},"end":{"line":15,"column":46}},"2":{"start":{"line":22,"column":29},"end":{"line":22,"column":31}},"3":{"start":{"line":24,"column":4},"end":{"line":26,"column":5}},"4":{"start":{"line":25,"column":6},"end":{"line":25,"column":69}},"5":{"start":{"line":28,"column":4},"end":{"line":30,"column":5}},"6":{"start":{"line":29,"column":6},"end":{"line":29,"column":63}},"7":{"start":{"line":32,"column":4},"end":{"line":34,"column":5}},"8":{"start":{"line":33,"column":6},"end":{"line":33,"column":67}},"9":{"start":{"line":37,"column":4},"end":{"line":39,"column":5}},"10":{"start":{"line":38,"column":6},"end":{"line":38,"column":96}},"11":{"start":{"line":41,"column":4},"end":{"line":43,"column":5}},"12":{"start":{"line":42,"column":6},"end":{"line":42,"column":70}},"13":{"start":{"line":45,"column":4},"end":{"line":47,"column":5}},"14":{"start":{"line":46,"column":6},"end":{"line":46,"column":87}},"15":{"start":{"line":49,"column":4},"end":{"line":51,"column":5}},"16":{"start":{"line":50,"column":6},"end":{"line":50,"column":57}},"17":{"start":{"line":53,"column":4},"end":{"line":55,"column":5}},"18":{"start":{"line":54,"column":6},"end":{"line":54,"column":73}},"19":{"start":{"line":63,"column":23},"end":{"line":63,"column":43}},"20":{"start":{"line":64,"column":4},"end":{"line":64,"column":34}},"21":{"start":{"line":72,"column":4},"end":{"line":72,"column":34}},"22":{"start":{"line":74,"column":28},"end":{"line":92,"column":15}},"23":{"start":{"line":94,"column":4},"end":{"line":96,"column":5}},"24":{"start":{"line":95,"column":6},"end":{"line":95,"column":68}},"25":{"start":{"line":98,"column":4},"end":{"line":98,"column":38}},"26":{"start":{"line":105,"column":28},"end":{"line":109,"column":15}},"27":{"start":{"line":111,"column":4},"end":{"line":117,"column":5}},"28":{"start":{"line":112,"column":6},"end":{"line":115,"column":7}},"29":{"start":{"line":114,"column":8},"end":{"line":114,"column":20}},"30":{"start":{"line":116,"column":6},"end":{"line":116,"column":66}},"31":{"start":{"line":119,"column":4},"end":{"line":119,"column":38}},"32":{"start":{"line":132,"column":41},"end":{"line":135,"column":30}},"33":{"start":{"line":137,"column":4},"end":{"line":139,"column":5}},"34":{"start":{"line":138,"column":6},"end":{"line":138,"column":73}},"35":{"start":{"line":142,"column":28},"end":{"line":147,"column":40}},"36":{"start":{"line":149,"column":4},"end":{"line":151,"column":5}},"37":{"start":{"line":150,"column":6},"end":{"line":150,"column":76}},"38":{"start":{"line":153,"column":4},"end":{"line":156,"column":6}},"39":{"start":{"line":154,"column":40},"end":{"line":154,"column":65}},"40":{"start":{"line":163,"column":28},"end":{"line":167,"column":15}},"41":{"start":{"line":169,"column":4},"end":{"line":175,"column":5}},"42":{"start":{"line":170,"column":6},"end":{"line":173,"column":7}},"43":{"start":{"line":172,"column":8},"end":{"line":172,"column":20}},"44":{"start":{"line":174,"column":6},"end":{"line":174,"column":81}},"45":{"start":{"line":177,"column":4},"end":{"line":177,"column":38}},"46":{"start":{"line":194,"column":27},"end":{"line":194,"column":57}},"47":{"start":{"line":195,"column":4},"end":{"line":197,"column":5}},"48":{"start":{"line":196,"column":6},"end":{"line":196,"column":56}},"49":{"start":{"line":200,"column":28},"end":{"line":208,"column":15}},"50":{"start":{"line":210,"column":4},"end":{"line":212,"column":5}},"51":{"start":{"line":211,"column":6},"end":{"line":211,"column":75}},"52":{"start":{"line":215,"column":4},"end":{"line":222,"column":7}},"53":{"start":{"line":224,"column":4},"end":{"line":224,"column":38}},"54":{"start":{"line":232,"column":28},"end":{"line":240,"column":15}},"55":{"start":{"line":242,"column":4},"end":{"line":244,"column":5}},"56":{"start":{"line":243,"column":6},"end":{"line":243,"column":79}},"57":{"start":{"line":247,"column":20},"end":{"line":247,"column":46}},"58":{"start":{"line":248,"column":4},"end":{"line":255,"column":7}},"59":{"start":{"line":257,"column":4},"end":{"line":257,"column":19}},"60":{"start":{"line":265,"column":28},"end":{"line":279,"column":15}},"61":{"start":{"line":281,"column":4},"end":{"line":283,"column":5}},"62":{"start":{"line":282,"column":6},"end":{"line":282,"column":70}},"63":{"start":{"line":285,"column":4},"end":{"line":294,"column":6}},"64":{"start":{"line":302,"column":28},"end":{"line":306,"column":47}},"65":{"start":{"line":308,"column":4},"end":{"line":310,"column":5}},"66":{"start":{"line":309,"column":6},"end":{"line":309,"column":71}},"67":{"start":{"line":312,"column":4},"end":{"line":321,"column":8}},"68":{"start":{"line":312,"column":36},"end":{"line":321,"column":6}},"69":{"start":{"line":329,"column":53},"end":{"line":333,"column":19}},"70":{"start":{"line":335,"column":4},"end":{"line":337,"column":5}},"71":{"start":{"line":336,"column":6},"end":{"line":336,"column":75}},"72":{"start":{"line":339,"column":4},"end":{"line":341,"column":5}},"73":{"start":{"line":340,"column":6},"end":{"line":340,"column":16}},"74":{"start":{"line":344,"column":27},"end":{"line":344,"column":69}},"75":{"start":{"line":344,"column":52},"end":{"line":344,"column":68}},"76":{"start":{"line":346,"column":61},"end":{"line":349,"column":43}},"77":{"start":{"line":351,"column":4},"end":{"line":353,"column":5}},"78":{"start":{"line":352,"column":6},"end":{"line":352,"column":83}},"79":{"start":{"line":355,"column":34},"end":{"line":355,"column":97}},"80":{"start":{"line":355,"column":79},"end":{"line":355,"column":95}},"81":{"start":{"line":358,"column":29},"end":{"line":360,"column":44}},"82":{"start":{"line":359,"column":26},"end":{"line":359,"column":70}},"83":{"start":{"line":360,"column":18},"end":{"line":360,"column":43}},"84":{"start":{"line":362,"column":4},"end":{"line":362,"column":28}},"85":{"start":{"line":369,"column":28},"end":{"line":377,"column":15}},"86":{"start":{"line":379,"column":4},"end":{"line":381,"column":5}},"87":{"start":{"line":380,"column":6},"end":{"line":380,"column":82}},"88":{"start":{"line":383,"column":4},"end":{"line":383,"column":38}},"89":{"start":{"line":394,"column":28},"end":{"line":403,"column":15}},"90":{"start":{"line":405,"column":4},"end":{"line":407,"column":5}},"91":{"start":{"line":406,"column":6},"end":{"line":406,"column":76}},"92":{"start":{"line":409,"column":4},"end":{"line":409,"column":38}},"93":{"start":{"line":420,"column":16},"end":{"line":425,"column":48}},"94":{"start":{"line":427,"column":4},"end":{"line":429,"column":5}},"95":{"start":{"line":428,"column":6},"end":{"line":428,"column":33}},"96":{"start":{"line":431,"column":28},"end":{"line":431,"column":39}},"97":{"start":{"line":433,"column":4},"end":{"line":435,"column":5}},"98":{"start":{"line":434,"column":6},"end":{"line":434,"column":77}},"99":{"start":{"line":437,"column":4},"end":{"line":437,"column":62}},"100":{"start":{"line":437,"column":35},"end":{"line":437,"column":60}},"101":{"start":{"line":444,"column":4},"end":{"line":459,"column":6}},"102":{"start":{"line":14,"column":0},"end":{"line":14,"column":13}}},"fnMap":{"0":{"name":"(anonymous_0)","decl":{"start":{"line":15,"column":2},"end":{"line":15,"column":22}},"loc":{"start":{"line":15,"column":46},"end":{"line":15,"column":50}}},"1":{"name":"(anonymous_1)","decl":{"start":{"line":21,"column":10},"end":{"line":21,"column":25}},"loc":{"start":{"line":21,"column":38},"end":{"line":56,"column":3}}},"2":{"name":"(anonymous_2)","decl":{"start":{"line":61,"column":10},"end":{"line":61,"column":28}},"loc":{"start":{"line":61,"column":42},"end":{"line":65,"column":3}}},"3":{"name":"(anonymous_3)","decl":{"start":{"line":71,"column":2},"end":{"line":71,"column":7}},"loc":{"start":{"line":71,"column":81},"end":{"line":99,"column":3}}},"4":{"name":"(anonymous_4)","decl":{"start":{"line":104,"column":2},"end":{"line":104,"column":7}},"loc":{"start":{"line":104,"column":34},"end":{"line":120,"column":3}}},"5":{"name":"(anonymous_5)","decl":{"start":{"line":126,"column":2},"end":{"line":126,"column":7}},"loc":{"start":{"line":129,"column":22},"end":{"line":157,"column":3}}},"6":{"name":"(anonymous_6)","decl":{"start":{"line":154,"column":33},"end":{"line":154,"column":36}},"loc":{"start":{"line":154,"column":40},"end":{"line":154,"column":65}}},"7":{"name":"(anonymous_7)","decl":{"start":{"line":162,"column":2},"end":{"line":162,"column":7}},"loc":{"start":{"line":162,"column":47},"end":{"line":178,"column":3}}},"8":{"name":"(anonymous_8)","decl":{"start":{"line":184,"column":2},"end":{"line":184,"column":7}},"loc":{"start":{"line":191,"column":5},"end":{"line":225,"column":3}}},"9":{"name":"(anonymous_9)","decl":{"start":{"line":231,"column":2},"end":{"line":231,"column":7}},"loc":{"start":{"line":231,"column":62},"end":{"line":258,"column":3}}},"10":{"name":"(anonymous_10)","decl":{"start":{"line":264,"column":2},"end":{"line":264,"column":7}},"loc":{"start":{"line":264,"column":85},"end":{"line":295,"column":3}}},"11":{"name":"(anonymous_11)","decl":{"start":{"line":301,"column":2},"end":{"line":301,"column":7}},"loc":{"start":{"line":301,"column":41},"end":{"line":322,"column":3}}},"12":{"name":"(anonymous_12)","decl":{"start":{"line":312,"column":28},"end":{"line":312,"column":31}},"loc":{"start":{"line":312,"column":36},"end":{"line":321,"column":6}}},"13":{"name":"(anonymous_13)","decl":{"start":{"line":327,"column":2},"end":{"line":327,"column":7}},"loc":{"start":{"line":327,"column":56},"end":{"line":363,"column":3}}},"14":{"name":"(anonymous_14)","decl":{"start":{"line":344,"column":40},"end":{"line":344,"column":41}},"loc":{"start":{"line":344,"column":52},"end":{"line":344,"column":68}}},"15":{"name":"(anonymous_15)","decl":{"start":{"line":355,"column":67},"end":{"line":355,"column":68}},"loc":{"start":{"line":355,"column":79},"end":{"line":355,"column":95}}},"16":{"name":"(anonymous_16)","decl":{"start":{"line":359,"column":14},"end":{"line":359,"column":15}},"loc":{"start":{"line":359,"column":26},"end":{"line":359,"column":70}}},"17":{"name":"(anonymous_17)","decl":{"start":{"line":360,"column":11},"end":{"line":360,"column":14}},"loc":{"start":{"line":360,"column":18},"end":{"line":360,"column":43}}},"18":{"name":"(anonymous_18)","decl":{"start":{"line":368,"column":2},"end":{"line":368,"column":7}},"loc":{"start":{"line":368,"column":66},"end":{"line":384,"column":3}}},"19":{"name":"(anonymous_19)","decl":{"start":{"line":389,"column":2},"end":{"line":389,"column":7}},"loc":{"start":{"line":392,"column":24},"end":{"line":410,"column":3}}},"20":{"name":"(anonymous_20)","decl":{"start":{"line":415,"column":2},"end":{"line":415,"column":7}},"loc":{"start":{"line":418,"column":18},"end":{"line":438,"column":3}}},"21":{"name":"(anonymous_21)","decl":{"start":{"line":437,"column":28},"end":{"line":437,"column":31}},"loc":{"start":{"line":437,"column":35},"end":{"line":437,"column":60}}},"22":{"name":"(anonymous_22)","decl":{"start":{"line":443,"column":10},"end":{"line":443,"column":25}},"loc":{"start":{"line":443,"column":34},"end":{"line":460,"column":3}}}},"branchMap":{"0":{"loc":{"start":{"line":24,"column":4},"end":{"line":26,"column":5}},"type":"if","locations":[{"start":{"line":24,"column":4},"end":{"line":26,"column":5}}]},"1":{"loc":{"start":{"line":24,"column":8},"end":{"line":24,"column":77}},"type":"binary-expr","locations":[{"start":{"line":24,"column":8},"end":{"line":24,"column":31}},{"start":{"line":24,"column":35},"end":{"line":24,"column":77}}]},"2":{"loc":{"start":{"line":28,"column":4},"end":{"line":30,"column":5}},"type":"if","locations":[{"start":{"line":28,"column":4},"end":{"line":30,"column":5}}]},"3":{"loc":{"start":{"line":28,"column":8},"end":{"line":28,"column":65}},"type":"binary-expr","locations":[{"start":{"line":28,"column":8},"end":{"line":28,"column":25}},{"start":{"line":28,"column":29},"end":{"line":28,"column":65}}]},"4":{"loc":{"start":{"line":32,"column":4},"end":{"line":34,"column":5}},"type":"if","locations":[{"start":{"line":32,"column":4},"end":{"line":34,"column":5}}]},"5":{"loc":{"start":{"line":32,"column":8},"end":{"line":32,"column":73}},"type":"binary-expr","locations":[{"start":{"line":32,"column":8},"end":{"line":32,"column":29}},{"start":{"line":32,"column":33},"end":{"line":32,"column":73}}]},"6":{"loc":{"start":{"line":37,"column":4},"end":{"line":39,"column":5}},"type":"if","locations":[{"start":{"line":37,"column":4},"end":{"line":39,"column":5}}]},"7":{"loc":{"start":{"line":37,"column":8},"end":{"line":37,"column":78}},"type":"binary-expr","locations":[{"start":{"line":37,"column":8},"end":{"line":37,"column":28}},{"start":{"line":37,"column":32},"end":{"line":37,"column":78}}]},"8":{"loc":{"start":{"line":41,"column":4},"end":{"line":43,"column":5}},"type":"if","locations":[{"start":{"line":41,"column":4},"end":{"line":43,"column":5}}]},"9":{"loc":{"start":{"line":41,"column":8},"end":{"line":41,"column":65}},"type":"binary-expr","locations":[{"start":{"line":41,"column":8},"end":{"line":41,"column":42}},{"start":{"line":41,"column":46},"end":{"line":41,"column":65}}]},"10":{"loc":{"start":{"line":45,"column":4},"end":{"line":47,"column":5}},"type":"if","locations":[{"start":{"line":45,"column":4},"end":{"line":47,"column":5}}]},"11":{"loc":{"start":{"line":45,"column":8},"end":{"line":45,"column":81}},"type":"binary-expr","locations":[{"start":{"line":45,"column":8},"end":{"line":45,"column":23}},{"start":{"line":45,"column":27},"end":{"line":45,"column":81}}]},"12":{"loc":{"start":{"line":49,"column":4},"end":{"line":51,"column":5}},"type":"if","locations":[{"start":{"line":49,"column":4},"end":{"line":51,"column":5}}]},"13":{"loc":{"start":{"line":49,"column":8},"end":{"line":49,"column":97}},"type":"binary-expr","locations":[{"start":{"line":49,"column":8},"end":{"line":49,"column":47}},{"start":{"line":49,"column":51},"end":{"line":49,"column":97}}]},"14":{"loc":{"start":{"line":53,"column":4},"end":{"line":55,"column":5}},"type":"if","locations":[{"start":{"line":53,"column":4},"end":{"line":55,"column":5}}]},"15":{"loc":{"start":{"line":83,"column":37},"end":{"line":83,"column":78}},"type":"binary-expr","locations":[{"start":{"line":83,"column":37},"end":{"line":83,"column":70}},{"start":{"line":83,"column":74},"end":{"line":83,"column":78}}]},"16":{"loc":{"start":{"line":84,"column":31},"end":{"line":84,"column":66}},"type":"binary-expr","locations":[{"start":{"line":84,"column":31},"end":{"line":84,"column":58}},{"start":{"line":84,"column":62},"end":{"line":84,"column":66}}]},"17":{"loc":{"start":{"line":85,"column":25},"end":{"line":85,"column":54}},"type":"binary-expr","locations":[{"start":{"line":85,"column":25},"end":{"line":85,"column":46}},{"start":{"line":85,"column":50},"end":{"line":85,"column":54}}]},"18":{"loc":{"start":{"line":86,"column":29},"end":{"line":86,"column":63}},"type":"binary-expr","locations":[{"start":{"line":86,"column":29},"end":{"line":86,"column":54}},{"start":{"line":86,"column":58},"end":{"line":86,"column":63}}]},"19":{"loc":{"start":{"line":87,"column":23},"end":{"line":87,"column":50}},"type":"binary-expr","locations":[{"start":{"line":87,"column":23},"end":{"line":87,"column":42}},{"start":{"line":87,"column":46},"end":{"line":87,"column":50}}]},"20":{"loc":{"start":{"line":94,"column":4},"end":{"line":96,"column":5}},"type":"if","locations":[{"start":{"line":94,"column":4},"end":{"line":96,"column":5}}]},"21":{"loc":{"start":{"line":111,"column":4},"end":{"line":117,"column":5}},"type":"if","locations":[{"start":{"line":111,"column":4},"end":{"line":117,"column":5}}]},"22":{"loc":{"start":{"line":112,"column":6},"end":{"line":115,"column":7}},"type":"if","locations":[{"start":{"line":112,"column":6},"end":{"line":115,"column":7}}]},"23":{"loc":{"start":{"line":128,"column":4},"end":{"line":128,"column":22}},"type":"default-arg","locations":[{"start":{"line":128,"column":20},"end":{"line":128,"column":22}}]},"24":{"loc":{"start":{"line":129,"column":4},"end":{"line":129,"column":22}},"type":"default-arg","locations":[{"start":{"line":129,"column":21},"end":{"line":129,"column":22}}]},"25":{"loc":{"start":{"line":137,"column":4},"end":{"line":139,"column":5}},"type":"if","locations":[{"start":{"line":137,"column":4},"end":{"line":139,"column":5}}]},"26":{"loc":{"start":{"line":149,"column":4},"end":{"line":151,"column":5}},"type":"if","locations":[{"start":{"line":149,"column":4},"end":{"line":151,"column":5}}]},"27":{"loc":{"start":{"line":154,"column":17},"end":{"line":154,"column":27}},"type":"binary-expr","locations":[{"start":{"line":154,"column":17},"end":{"line":154,"column":21}},{"start":{"line":154,"column":25},"end":{"line":154,"column":27}}]},"28":{"loc":{"start":{"line":155,"column":13},"end":{"line":155,"column":23}},"type":"binary-expr","locations":[{"start":{"line":155,"column":13},"end":{"line":155,"column":18}},{"start":{"line":155,"column":22},"end":{"line":155,"column":23}}]},"29":{"loc":{"start":{"line":169,"column":4},"end":{"line":175,"column":5}},"type":"if","locations":[{"start":{"line":169,"column":4},"end":{"line":175,"column":5}}]},"30":{"loc":{"start":{"line":170,"column":6},"end":{"line":173,"column":7}},"type":"if","locations":[{"start":{"line":170,"column":6},"end":{"line":173,"column":7}}]},"31":{"loc":{"start":{"line":195,"column":4},"end":{"line":197,"column":5}},"type":"if","locations":[{"start":{"line":195,"column":4},"end":{"line":197,"column":5}}]},"32":{"loc":{"start":{"line":210,"column":4},"end":{"line":212,"column":5}},"type":"if","locations":[{"start":{"line":210,"column":4},"end":{"line":212,"column":5}}]},"33":{"loc":{"start":{"line":220,"column":14},"end":{"line":220,"column":41}},"type":"binary-expr","locations":[{"start":{"line":220,"column":14},"end":{"line":220,"column":28}},{"start":{"line":220,"column":32},"end":{"line":220,"column":41}}]},"34":{"loc":{"start":{"line":221,"column":16},"end":{"line":221,"column":45}},"type":"binary-expr","locations":[{"start":{"line":221,"column":16},"end":{"line":221,"column":32}},{"start":{"line":221,"column":36},"end":{"line":221,"column":45}}]},"35":{"loc":{"start":{"line":242,"column":4},"end":{"line":244,"column":5}},"type":"if","locations":[{"start":{"line":242,"column":4},"end":{"line":244,"column":5}}]},"36":{"loc":{"start":{"line":270,"column":27},"end":{"line":270,"column":59}},"type":"binary-expr","locations":[{"start":{"line":270,"column":27},"end":{"line":270,"column":51}},{"start":{"line":270,"column":55},"end":{"line":270,"column":59}}]},"37":{"loc":{"start":{"line":273,"column":18},"end":{"line":273,"column":41}},"type":"binary-expr","locations":[{"start":{"line":273,"column":18},"end":{"line":273,"column":33}},{"start":{"line":273,"column":37},"end":{"line":273,"column":41}}]},"38":{"loc":{"start":{"line":274,"column":20},"end":{"line":274,"column":45}},"type":"binary-expr","locations":[{"start":{"line":274,"column":20},"end":{"line":274,"column":37}},{"start":{"line":274,"column":41},"end":{"line":274,"column":45}}]},"39":{"loc":{"start":{"line":281,"column":4},"end":{"line":283,"column":5}},"type":"if","locations":[{"start":{"line":281,"column":4},"end":{"line":283,"column":5}}]},"40":{"loc":{"start":{"line":308,"column":4},"end":{"line":310,"column":5}},"type":"if","locations":[{"start":{"line":308,"column":4},"end":{"line":310,"column":5}}]},"41":{"loc":{"start":{"line":312,"column":12},"end":{"line":312,"column":22}},"type":"binary-expr","locations":[{"start":{"line":312,"column":12},"end":{"line":312,"column":16}},{"start":{"line":312,"column":20},"end":{"line":312,"column":22}}]},"42":{"loc":{"start":{"line":327,"column":38},"end":{"line":327,"column":56}},"type":"default-arg","locations":[{"start":{"line":327,"column":54},"end":{"line":327,"column":56}}]},"43":{"loc":{"start":{"line":335,"column":4},"end":{"line":337,"column":5}},"type":"if","locations":[{"start":{"line":335,"column":4},"end":{"line":337,"column":5}}]},"44":{"loc":{"start":{"line":339,"column":4},"end":{"line":341,"column":5}},"type":"if","locations":[{"start":{"line":339,"column":4},"end":{"line":341,"column":5}}]},"45":{"loc":{"start":{"line":339,"column":8},"end":{"line":339,"column":42}},"type":"binary-expr","locations":[{"start":{"line":339,"column":8},"end":{"line":339,"column":17}},{"start":{"line":339,"column":21},"end":{"line":339,"column":42}}]},"46":{"loc":{"start":{"line":351,"column":4},"end":{"line":353,"column":5}},"type":"if","locations":[{"start":{"line":351,"column":4},"end":{"line":353,"column":5}}]},"47":{"loc":{"start":{"line":355,"column":43},"end":{"line":355,"column":61}},"type":"binary-expr","locations":[{"start":{"line":355,"column":43},"end":{"line":355,"column":55}},{"start":{"line":355,"column":59},"end":{"line":355,"column":61}}]},"48":{"loc":{"start":{"line":358,"column":30},"end":{"line":358,"column":44}},"type":"binary-expr","locations":[{"start":{"line":358,"column":30},"end":{"line":358,"column":38}},{"start":{"line":358,"column":42},"end":{"line":358,"column":44}}]},"49":{"loc":{"start":{"line":379,"column":4},"end":{"line":381,"column":5}},"type":"if","locations":[{"start":{"line":379,"column":4},"end":{"line":381,"column":5}}]},"50":{"loc":{"start":{"line":405,"column":4},"end":{"line":407,"column":5}},"type":"if","locations":[{"start":{"line":405,"column":4},"end":{"line":407,"column":5}}]},"51":{"loc":{"start":{"line":427,"column":4},"end":{"line":429,"column":5}},"type":"if","locations":[{"start":{"line":427,"column":4},"end":{"line":429,"column":5}}]},"52":{"loc":{"start":{"line":433,"column":4},"end":{"line":435,"column":5}},"type":"if","locations":[{"start":{"line":433,"column":4},"end":{"line":435,"column":5}}]},"53":{"loc":{"start":{"line":437,"column":12},"end":{"line":437,"column":22}},"type":"binary-expr","locations":[{"start":{"line":437,"column":12},"end":{"line":437,"column":16}},{"start":{"line":437,"column":20},"end":{"line":437,"column":22}}]},"54":{"loc":{"start":{"line":456,"column":21},"end":{"line":456,"column":75}},"type":"cond-expr","locations":[{"start":{"line":456,"column":41},"end":{"line":456,"column":68}},{"start":{"line":456,"column":71},"end":{"line":456,"column":75}}]},"55":{"loc":{"start":{"line":457,"column":25},"end":{"line":457,"column":55}},"type":"binary-expr","locations":[{"start":{"line":457,"column":25},"end":{"line":457,"column":46}},{"start":{"line":457,"column":50},"end":{"line":457,"column":55}}]}},"s":{"0":1,"1":27,"2":10,"3":10,"4":1,"5":10,"6":0,"7":10,"8":0,"9":10,"10":3,"11":10,"12":1,"13":10,"14":1,"15":10,"16":0,"17":10,"18":6,"19":10,"20":10,"21":10,"22":4,"23":4,"24":1,"25":3,"26":5,"27":5,"28":3,"29":2,"30":1,"31":2,"32":3,"33":3,"34":0,"35":3,"36":3,"37":0,"38":3,"39":1,"40":2,"41":2,"42":1,"43":1,"44":0,"45":1,"46":2,"47":2,"48":1,"49":1,"50":1,"51":0,"52":1,"53":1,"54":1,"55":1,"56":0,"57":1,"58":1,"59":1,"60":4,"61":4,"62":1,"63":3,"64":1,"65":1,"66":0,"67":1,"68":2,"69":0,"70":0,"71":0,"72":0,"73":0,"74":0,"75":0,"76":0,"77":0,"78":0,"79":0,"80":0,"81":0,"82":0,"83":0,"84":0,"85":1,"86":1,"87":0,"88":1,"89":0,"90":0,"91":0,"92":0,"93":2,"94":2,"95":1,"96":2,"97":2,"98":0,"99":2,"100":1,"101":11,"102":1},"f":{"0":27,"1":10,"2":10,"3":10,"4":5,"5":3,"6":1,"7":2,"8":2,"9":1,"10":4,"11":1,"12":2,"13":0,"14":0,"15":0,"16":0,"17":0,"18":1,"19":0,"20":2,"21":1,"22":11},"b":{"0":[1],"1":[10,9],"2":[0],"3":[10,10],"4":[0],"5":[10,10],"6":[3],"7":[10,10],"8":[1],"9":[10,10],"10":[1],"11":[10,10],"12":[0],"13":[10,10],"14":[6],"15":[4,4],"16":[4,4],"17":[4,4],"18":[4,4],"19":[4,4],"20":[1],"21":[3],"22":[2],"23":[1],"24":[1],"25":[0],"26":[0],"27":[3,0],"28":[3,1],"29":[1],"30":[1],"31":[1],"32":[0],"33":[1,0],"34":[1,1],"35":[0],"36":[4,0],"37":[4,1],"38":[4,2],"39":[1],"40":[0],"41":[1,0],"42":[0],"43":[0],"44":[0],"45":[0,0],"46":[0],"47":[0,0],"48":[0,0],"49":[0],"50":[0],"51":[1],"52":[0],"53":[2,0],"54":[1,10],"55":[11,11]}}
,"D:\\FAITH-POS\\faith-pos\\backend\\src\\routes\\payments.ts": {"path":"D:\\FAITH-POS\\faith-pos\\backend\\src\\routes\\payments.ts","statementMap":{"0":{"start":{"line":14,"column":0},"end":{"line":14,"column":16}},"1":{"start":{"line":20,"column":2},"end":{"line":61,"column":5}},"2":{"start":{"line":21,"column":4},"end":{"line":60,"column":5}},"3":{"start":{"line":22,"column":24},"end":{"line":22,"column":45}},"4":{"start":{"line":25,"column":6},"end":{"line":30,"column":7}},"5":{"start":{"line":26,"column":8},"end":{"line":29,"column":11}},"6":{"start":{"line":33,"column":22},"end":{"line":33,"column":64}},"7":{"start":{"line":35,"column":6},"end":{"line":40,"column":7}},"8":{"start":{"line":36,"column":8},"end":{"line":39,"column":11}},"9":{"start":{"line":43,"column":6},"end":{"line":53,"column":9}},"10":{"start":{"line":55,"column":6},"end":{"line":55,"column":61}},"11":{"start":{"line":56,"column":6},"end":{"line":59,"column":9}}},"fnMap":{"0":{"name":"setupPaymentRoutes","decl":{"start":{"line":14,"column":16},"end":{"line":14,"column":34}},"loc":{"start":{"line":14,"column":79},"end":{"line":62,"column":1}}},"1":{"name":"(anonymous_1)","decl":{"start":{"line":20,"column":46},"end":{"line":20,"column":51}},"loc":{"start":{"line":20,"column":84},"end":{"line":61,"column":3}}}},"branchMap":{"0":{"loc":{"start":{"line":25,"column":6},"end":{"line":30,"column":7}},"type":"if","locations":[{"start":{"line":25,"column":6},"end":{"line":30,"column":7}}]},"1":{"loc":{"start":{"line":25,"column":10},"end":{"line":25,"column":53}},"type":"binary-expr","locations":[{"start":{"line":25,"column":10},"end":{"line":25,"column":20}},{"start":{"line":25,"column":24},"end":{"line":25,"column":53}}]},"2":{"loc":{"start":{"line":35,"column":6},"end":{"line":40,"column":7}},"type":"if","locations":[{"start":{"line":35,"column":6},"end":{"line":40,"column":7}}]},"3":{"loc":{"start":{"line":52,"column":23},"end":{"line":52,"column":89}},"type":"cond-expr","locations":[{"start":{"line":52,"column":47},"end":{"line":52,"column":82}},{"start":{"line":52,"column":85},"end":{"line":52,"column":89}}]},"4":{"loc":{"start":{"line":58,"column":17},"end":{"line":58,"column":73}},"type":"cond-expr","locations":[{"start":{"line":58,"column":42},"end":{"line":58,"column":55}},{"start":{"line":58,"column":58},"end":{"line":58,"column":73}}]}},"s":{"0":0,"1":0,"2":0,"3":0,"4":0,"5":0,"6":0,"7":0,"8":0,"9":0,"10":0,"11":0},"f":{"0":0,"1":0},"b":{"0":[0],"1":[0,0],"2":[0],"3":[0,0],"4":[0,0]}}
,"D:\\FAITH-POS\\faith-pos\\backend\\src\\routes\\reports.ts": {"path":"D:\\FAITH-POS\\faith-pos\\backend\\src\\routes\\reports.ts","statementMap":{"0":{"start":{"line":5,"column":0},"end":{"line":5,"column":16}},"1":{"start":{"line":2,"column":0},"end":{"line":2,"column":59}},"2":{"start":{"line":3,"column":0},"end":{"line":3,"column":59}},"3":{"start":{"line":7,"column":2},"end":{"line":41,"column":5}},"4":{"start":{"line":8,"column":4},"end":{"line":40,"column":5}},"5":{"start":{"line":9,"column":20},"end":{"line":9,"column":30}},"6":{"start":{"line":10,"column":6},"end":{"line":10,"column":33}},"7":{"start":{"line":12,"column":23},"end":{"line":12,"column":38}},"8":{"start":{"line":13,"column":6},"end":{"line":13,"column":47}},"9":{"start":{"line":15,"column":31},"end":{"line":18,"column":8}},"10":{"start":{"line":20,"column":25},"end":{"line":20,"column":81}},"11":{"start":{"line":20,"column":50},"end":{"line":20,"column":77}},"12":{"start":{"line":21,"column":27},"end":{"line":21,"column":79}},"13":{"start":{"line":21,"column":54},"end":{"line":21,"column":75}},"14":{"start":{"line":23,"column":18},"end":{"line":29,"column":8}},"15":{"start":{"line":31,"column":6},"end":{"line":31,"column":55}},"16":{"start":{"line":32,"column":6},"end":{"line":35,"column":8}},"17":{"start":{"line":36,"column":6},"end":{"line":36,"column":20}},"18":{"start":{"line":38,"column":6},"end":{"line":38,"column":50}},"19":{"start":{"line":39,"column":6},"end":{"line":39,"column":67}},"20":{"start":{"line":44,"column":2},"end":{"line":82,"column":5}},"21":{"start":{"line":45,"column":4},"end":{"line":81,"column":5}},"22":{"start":{"line":46,"column":20},"end":{"line":46,"column":45}},"23":{"start":{"line":47,"column":31},"end":{"line":47,"column":59}},"24":{"start":{"line":49,"column":24},"end":{"line":49,"column":55}},"25":{"start":{"line":50,"column":22},"end":{"line":50,"column":49}},"26":{"start":{"line":52,"column":38},"end":{"line":56,"column":8}},"27":{"start":{"line":58,"column":25},"end":{"line":58,"column":81}},"28":{"start":{"line":58,"column":50},"end":{"line":58,"column":77}},"29":{"start":{"line":59,"column":27},"end":{"line":59,"column":79}},"30":{"start":{"line":59,"column":54},"end":{"line":59,"column":75}},"31":{"start":{"line":60,"column":25},"end":{"line":60,"column":77}},"32":{"start":{"line":60,"column":50},"end":{"line":60,"column":73}},"33":{"start":{"line":62,"column":18},"end":{"line":70,"column":8}},"34":{"start":{"line":72,"column":6},"end":{"line":72,"column":55}},"35":{"start":{"line":73,"column":6},"end":{"line":76,"column":8}},"36":{"start":{"line":77,"column":6},"end":{"line":77,"column":20}},"37":{"start":{"line":79,"column":6},"end":{"line":79,"column":52}},"38":{"start":{"line":80,"column":6},"end":{"line":80,"column":67}}},"fnMap":{"0":{"name":"setupReportRoutes","decl":{"start":{"line":5,"column":16},"end":{"line":5,"column":33}},"loc":{"start":{"line":5,"column":46},"end":{"line":83,"column":1}}},"1":{"name":"(anonymous_10)","decl":{"start":{"line":7,"column":28},"end":{"line":7,"column":33}},"loc":{"start":{"line":7,"column":66},"end":{"line":41,"column":3}}},"2":{"name":"(anonymous_11)","decl":{"start":{"line":20,"column":38},"end":{"line":20,"column":39}},"loc":{"start":{"line":20,"column":50},"end":{"line":20,"column":77}}},"3":{"name":"(anonymous_12)","decl":{"start":{"line":21,"column":42},"end":{"line":21,"column":43}},"loc":{"start":{"line":21,"column":54},"end":{"line":21,"column":75}}},"4":{"name":"(anonymous_13)","decl":{"start":{"line":44,"column":30},"end":{"line":44,"column":35}},"loc":{"start":{"line":44,"column":68},"end":{"line":82,"column":3}}},"5":{"name":"(anonymous_14)","decl":{"start":{"line":58,"column":38},"end":{"line":58,"column":39}},"loc":{"start":{"line":58,"column":50},"end":{"line":58,"column":77}}},"6":{"name":"(anonymous_15)","decl":{"start":{"line":59,"column":42},"end":{"line":59,"column":43}},"loc":{"start":{"line":59,"column":54},"end":{"line":59,"column":75}}},"7":{"name":"(anonymous_16)","decl":{"start":{"line":60,"column":38},"end":{"line":60,"column":39}},"loc":{"start":{"line":60,"column":50},"end":{"line":60,"column":73}}}},"branchMap":{"0":{"loc":{"start":{"line":20,"column":57},"end":{"line":20,"column":76}},"type":"binary-expr","locations":[{"start":{"line":20,"column":57},"end":{"line":20,"column":71}},{"start":{"line":20,"column":75},"end":{"line":20,"column":76}}]},"1":{"loc":{"start":{"line":21,"column":61},"end":{"line":21,"column":74}},"type":"binary-expr","locations":[{"start":{"line":21,"column":61},"end":{"line":21,"column":69}},{"start":{"line":21,"column":73},"end":{"line":21,"column":74}}]},"2":{"loc":{"start":{"line":58,"column":57},"end":{"line":58,"column":76}},"type":"binary-expr","locations":[{"start":{"line":58,"column":57},"end":{"line":58,"column":71}},{"start":{"line":58,"column":75},"end":{"line":58,"column":76}}]},"3":{"loc":{"start":{"line":59,"column":61},"end":{"line":59,"column":74}},"type":"binary-expr","locations":[{"start":{"line":59,"column":61},"end":{"line":59,"column":69}},{"start":{"line":59,"column":73},"end":{"line":59,"column":74}}]},"4":{"loc":{"start":{"line":60,"column":57},"end":{"line":60,"column":72}},"type":"binary-expr","locations":[{"start":{"line":60,"column":57},"end":{"line":60,"column":67}},{"start":{"line":60,"column":71},"end":{"line":60,"column":72}}]}},"s":{"0":0,"1":0,"2":0,"3":0,"4":0,"5":0,"6":0,"7":0,"8":0,"9":0,"10":0,"11":0,"12":0,"13":0,"14":0,"15":0,"16":0,"17":0,"18":0,"19":0,"20":0,"21":0,"22":0,"23":0,"24":0,"25":0,"26":0,"27":0,"28":0,"29":0,"30":0,"31":0,"32":0,"33":0,"34":0,"35":0,"36":0,"37":0,"38":0},"f":{"0":0,"1":0,"2":0,"3":0,"4":0,"5":0,"6":0,"7":0},"b":{"0":[0,0],"1":[0,0],"2":[0,0],"3":[0,0],"4":[0,0]}}
,"D:\\FAITH-POS\\faith-pos\\backend\\src\\routes\\whatsapp.ts": {"path":"D:\\FAITH-POS\\faith-pos\\backend\\src\\routes\\whatsapp.ts","statementMap":{"0":{"start":{"line":5,"column":0},"end":{"line":5,"column":16}},"1":{"start":{"line":2,"column":0},"end":{"line":2,"column":55}},"2":{"start":{"line":3,"column":0},"end":{"line":3,"column":59}},"3":{"start":{"line":7,"column":2},"end":{"line":29,"column":5}},"4":{"start":{"line":8,"column":4},"end":{"line":28,"column":5}},"5":{"start":{"line":9,"column":30},"end":{"line":9,"column":49}},"6":{"start":{"line":10,"column":26},"end":{"line":10,"column":71}},"7":{"start":{"line":12,"column":6},"end":{"line":12,"column":78}},"8":{"start":{"line":15,"column":21},"end":{"line":15,"column":56}},"9":{"start":{"line":18,"column":6},"end":{"line":22,"column":7}},"10":{"start":{"line":19,"column":8},"end":{"line":19,"column":71}},"11":{"start":{"line":21,"column":8},"end":{"line":21,"column":71}},"12":{"start":{"line":24,"column":6},"end":{"line":24,"column":34}},"13":{"start":{"line":26,"column":6},"end":{"line":26,"column":45}},"14":{"start":{"line":27,"column":6},"end":{"line":27,"column":59}},"15":{"start":{"line":32,"column":2},"end":{"line":34,"column":5}},"16":{"start":{"line":33,"column":4},"end":{"line":33,"column":41}}},"fnMap":{"0":{"name":"setupWhatsAppRoutes","decl":{"start":{"line":5,"column":16},"end":{"line":5,"column":35}},"loc":{"start":{"line":5,"column":48},"end":{"line":35,"column":1}}},"1":{"name":"(anonymous_10)","decl":{"start":{"line":7,"column":32},"end":{"line":7,"column":37}},"loc":{"start":{"line":7,"column":70},"end":{"line":29,"column":3}}},"2":{"name":"(anonymous_11)","decl":{"start":{"line":32,"column":31},"end":{"line":32,"column":32}},"loc":{"start":{"line":32,"column":63},"end":{"line":34,"column":3}}}},"branchMap":{"0":{"loc":{"start":{"line":9,"column":30},"end":{"line":9,"column":49}},"type":"binary-expr","locations":[{"start":{"line":9,"column":30},"end":{"line":9,"column":43}},{"start":{"line":9,"column":47},"end":{"line":9,"column":49}}]},"1":{"loc":{"start":{"line":10,"column":26},"end":{"line":10,"column":71}},"type":"binary-expr","locations":[{"start":{"line":10,"column":26},"end":{"line":10,"column":65}},{"start":{"line":10,"column":69},"end":{"line":10,"column":71}}]},"2":{"loc":{"start":{"line":18,"column":6},"end":{"line":22,"column":7}},"type":"if","locations":[{"start":{"line":18,"column":6},"end":{"line":22,"column":7}},{"start":{"line":20,"column":13},"end":{"line":22,"column":7}}]}},"s":{"0":0,"1":0,"2":0,"3":0,"4":0,"5":0,"6":0,"7":0,"8":0,"9":0,"10":0,"11":0,"12":0,"13":0,"14":0,"15":0,"16":0},"f":{"0":0,"1":0,"2":0},"b":{"0":[0,0],"1":[0,0],"2":[0,0]}}
,"D:\\FAITH-POS\\faith-pos\\backend\\src\\services\\ConfigurationService.ts": {"path":"D:\\FAITH-POS\\faith-pos\\backend\\src\\services\\ConfigurationService.ts","statementMap":{"0":{"start":{"line":7,"column":0},"end":{"line":7,"column":56}},"1":{"start":{"line":28,"column":10},"end":{"line":28,"column":70}},"2":{"start":{"line":29,"column":10},"end":{"line":29,"column":114}},"3":{"start":{"line":33,"column":4},"end":{"line":33,"column":34}},"4":{"start":{"line":49,"column":4},"end":{"line":126,"column":5}},"5":{"start":{"line":51,"column":6},"end":{"line":57,"column":7}},"6":{"start":{"line":52,"column":8},"end":{"line":56,"column":10}},"7":{"start":{"line":60,"column":6},"end":{"line":66,"column":7}},"8":{"start":{"line":61,"column":8},"end":{"line":65,"column":10}},"9":{"start":{"line":68,"column":6},"end":{"line":74,"column":7}},"10":{"start":{"line":69,"column":8},"end":{"line":73,"column":10}},"11":{"start":{"line":78,"column":25},"end":{"line":83,"column":null}},"12":{"start":{"line":86,"column":6},"end":{"line":92,"column":7}},"13":{"start":{"line":87,"column":8},"end":{"line":91,"column":10}},"14":{"start":{"line":96,"column":44},"end":{"line":105,"column":8}},"15":{"start":{"line":108,"column":6},"end":{"line":108,"column":54}},"16":{"start":{"line":109,"column":6},"end":{"line":109,"column":59}},"17":{"start":{"line":113,"column":6},"end":{"line":113,"column":53}},"18":{"start":{"line":115,"column":6},"end":{"line":118,"column":8}},"19":{"start":{"line":120,"column":6},"end":{"line":120,"column":79}},"20":{"start":{"line":121,"column":6},"end":{"line":125,"column":8}},"21":{"start":{"line":134,"column":4},"end":{"line":152,"column":5}},"22":{"start":{"line":136,"column":21},"end":{"line":136,"column":55}},"23":{"start":{"line":137,"column":6},"end":{"line":139,"column":7}},"24":{"start":{"line":138,"column":8},"end":{"line":138,"column":22}},"25":{"start":{"line":142,"column":22},"end":{"line":142,"column":66}},"26":{"start":{"line":143,"column":6},"end":{"line":146,"column":7}},"27":{"start":{"line":144,"column":8},"end":{"line":144,"column":52}},"28":{"start":{"line":145,"column":8},"end":{"line":145,"column":23}},"29":{"start":{"line":148,"column":6},"end":{"line":148,"column":18}},"30":{"start":{"line":150,"column":6},"end":{"line":150,"column":83}},"31":{"start":{"line":151,"column":6},"end":{"line":151,"column":18}},"32":{"start":{"line":163,"column":4},"end":{"line":227,"column":5}},"33":{"start":{"line":165,"column":22},"end":{"line":165,"column":55}},"34":{"start":{"line":166,"column":6},"end":{"line":171,"column":7}},"35":{"start":{"line":167,"column":8},"end":{"line":170,"column":10}},"36":{"start":{"line":174,"column":6},"end":{"line":180,"column":7}},"37":{"start":{"line":175,"column":8},"end":{"line":179,"column":10}},"38":{"start":{"line":183,"column":25},"end":{"line":188,"column":null}},"39":{"start":{"line":191,"column":6},"end":{"line":197,"column":7}},"40":{"start":{"line":192,"column":8},"end":{"line":196,"column":10}},"41":{"start":{"line":200,"column":40},"end":{"line":204,"column":8}},"42":{"start":{"line":207,"column":6},"end":{"line":207,"column":50}},"43":{"start":{"line":208,"column":6},"end":{"line":208,"column":55}},"44":{"start":{"line":212,"column":6},"end":{"line":212,"column":53}},"45":{"start":{"line":214,"column":6},"end":{"line":214,"column":62}},"46":{"start":{"line":216,"column":6},"end":{"line":219,"column":8}},"47":{"start":{"line":221,"column":6},"end":{"line":221,"column":81}},"48":{"start":{"line":222,"column":6},"end":{"line":226,"column":8}},"49":{"start":{"line":240,"column":4},"end":{"line":267,"column":5}},"50":{"start":{"line":242,"column":24},"end":{"line":247,"column":null}},"51":{"start":{"line":252,"column":20},"end":{"line":252,"column":52}},"52":{"start":{"line":253,"column":6},"end":{"line":258,"column":7}},"53":{"start":{"line":254,"column":8},"end":{"line":257,"column":10}},"54":{"start":{"line":261,"column":6},"end":{"line":261,"column":31}},"55":{"start":{"line":263,"column":6},"end":{"line":266,"column":8}},"56":{"start":{"line":275,"column":4},"end":{"line":291,"column":5}},"57":{"start":{"line":278,"column":21},"end":{"line":278,"column":60}},"58":{"start":{"line":280,"column":6},"end":{"line":280,"column":59}},"59":{"start":{"line":281,"column":6},"end":{"line":281,"column":69}},"60":{"start":{"line":282,"column":6},"end":{"line":282,"column":75}},"61":{"start":{"line":283,"column":6},"end":{"line":283,"column":82}},"62":{"start":{"line":284,"column":6},"end":{"line":284,"column":68}},"63":{"start":{"line":285,"column":6},"end":{"line":285,"column":60}},"64":{"start":{"line":286,"column":6},"end":{"line":286,"column":83}},"65":{"start":{"line":288,"column":6},"end":{"line":288,"column":76}},"66":{"start":{"line":290,"column":6},"end":{"line":290,"column":74}},"67":{"start":{"line":298,"column":4},"end":{"line":320,"column":5}},"68":{"start":{"line":300,"column":23},"end":{"line":300,"column":40}},"69":{"start":{"line":302,"column":6},"end":{"line":307,"column":7}},"70":{"start":{"line":303,"column":22},"end":{"line":303,"column":64}},"71":{"start":{"line":304,"column":8},"end":{"line":306,"column":9}},"72":{"start":{"line":305,"column":10},"end":{"line":305,"column":47}},"73":{"start":{"line":310,"column":6},"end":{"line":315,"column":7}},"74":{"start":{"line":311,"column":22},"end":{"line":311,"column":66}},"75":{"start":{"line":312,"column":8},"end":{"line":314,"column":9}},"76":{"start":{"line":313,"column":10},"end":{"line":313,"column":52}},"77":{"start":{"line":317,"column":6},"end":{"line":317,"column":85}},"78":{"start":{"line":319,"column":6},"end":{"line":319,"column":76}},"79":{"start":{"line":327,"column":4},"end":{"line":355,"column":5}},"80":{"start":{"line":328,"column":21},"end":{"line":328,"column":60}},"81":{"start":{"line":330,"column":21},"end":{"line":330,"column":52}},"82":{"start":{"line":331,"column":26},"end":{"line":331,"column":62}},"83":{"start":{"line":332,"column":29},"end":{"line":332,"column":68}},"84":{"start":{"line":333,"column":32},"end":{"line":333,"column":75}},"85":{"start":{"line":334,"column":27},"end":{"line":334,"column":75}},"86":{"start":{"line":335,"column":22},"end":{"line":335,"column":59}},"87":{"start":{"line":336,"column":26},"end":{"line":336,"column":62}},"88":{"start":{"line":338,"column":6},"end":{"line":340,"column":7}},"89":{"start":{"line":339,"column":8},"end":{"line":339,"column":20}},"90":{"start":{"line":342,"column":6},"end":{"line":351,"column":8}},"91":{"start":{"line":353,"column":6},"end":{"line":353,"column":80}},"92":{"start":{"line":354,"column":6},"end":{"line":354,"column":18}},"93":{"start":{"line":362,"column":4},"end":{"line":381,"column":5}},"94":{"start":{"line":363,"column":21},"end":{"line":363,"column":64}},"95":{"start":{"line":366,"column":6},"end":{"line":368,"column":7}},"96":{"start":{"line":367,"column":8},"end":{"line":367,"column":28}},"97":{"start":{"line":370,"column":26},"end":{"line":370,"column":59}},"98":{"start":{"line":371,"column":20},"end":{"line":371,"column":40}},"99":{"start":{"line":373,"column":6},"end":{"line":376,"column":9}},"100":{"start":{"line":378,"column":6},"end":{"line":378,"column":19}},"101":{"start":{"line":380,"column":6},"end":{"line":380,"column":19}},"102":{"start":{"line":388,"column":4},"end":{"line":388,"column":42}},"103":{"start":{"line":389,"column":4},"end":{"line":389,"column":51}},"104":{"start":{"line":391,"column":19},"end":{"line":391,"column":58}},"105":{"start":{"line":392,"column":4},"end":{"line":392,"column":43}},"106":{"start":{"line":393,"column":4},"end":{"line":393,"column":48}},"107":{"start":{"line":394,"column":4},"end":{"line":394,"column":51}},"108":{"start":{"line":395,"column":4},"end":{"line":395,"column":55}},"109":{"start":{"line":396,"column":4},"end":{"line":396,"column":47}},"110":{"start":{"line":397,"column":4},"end":{"line":397,"column":43}},"111":{"start":{"line":398,"column":4},"end":{"line":398,"column":48}},"112":{"start":{"line":400,"column":4},"end":{"line":400,"column":60}},"113":{"start":{"line":407,"column":4},"end":{"line":407,"column":52}},"114":{"start":{"line":27,"column":0},"end":{"line":27,"column":13}}},"fnMap":{"0":{"name":"(anonymous_0)","decl":{"start":{"line":31,"column":2},"end":{"line":31,"column":null}},"loc":{"start":{"line":31,"column":2},"end":{"line":34,"column":3}}},"1":{"name":"(anonymous_1)","decl":{"start":{"line":40,"column":2},"end":{"line":40,"column":7}},"loc":{"start":{"line":47,"column":20},"end":{"line":127,"column":3}}},"2":{"name":"(anonymous_2)","decl":{"start":{"line":133,"column":2},"end":{"line":133,"column":21}},"loc":{"start":{"line":133,"column":37},"end":{"line":153,"column":3}}},"3":{"name":"(anonymous_3)","decl":{"start":{"line":159,"column":2},"end":{"line":159,"column":7}},"loc":{"start":{"line":161,"column":21},"end":{"line":228,"column":3}}},"4":{"name":"(anonymous_4)","decl":{"start":{"line":233,"column":10},"end":{"line":233,"column":15}},"loc":{"start":{"line":238,"column":53},"end":{"line":268,"column":3}}},"5":{"name":"(anonymous_5)","decl":{"start":{"line":274,"column":10},"end":{"line":274,"column":35}},"loc":{"start":{"line":274,"column":82},"end":{"line":292,"column":3}}},"6":{"name":"(anonymous_6)","decl":{"start":{"line":297,"column":10},"end":{"line":297,"column":32}},"loc":{"start":{"line":297,"column":32},"end":{"line":321,"column":3}}},"7":{"name":"(anonymous_7)","decl":{"start":{"line":326,"column":10},"end":{"line":326,"column":40}},"loc":{"start":{"line":326,"column":56},"end":{"line":356,"column":3}}},"8":{"name":"(anonymous_8)","decl":{"start":{"line":361,"column":2},"end":{"line":361,"column":20}},"loc":{"start":{"line":361,"column":36},"end":{"line":382,"column":3}}},"9":{"name":"(anonymous_9)","decl":{"start":{"line":387,"column":2},"end":{"line":387,"column":23}},"loc":{"start":{"line":387,"column":39},"end":{"line":401,"column":3}}},"10":{"name":"(anonymous_10)","decl":{"start":{"line":406,"column":2},"end":{"line":406,"column":21}},"loc":{"start":{"line":406,"column":21},"end":{"line":408,"column":3}}}},"branchMap":{"0":{"loc":{"start":{"line":46,"column":4},"end":{"line":46,"column":53}},"type":"default-arg","locations":[{"start":{"line":46,"column":44},"end":{"line":46,"column":53}}]},"1":{"loc":{"start":{"line":51,"column":6},"end":{"line":57,"column":7}},"type":"if","locations":[{"start":{"line":51,"column":6},"end":{"line":57,"column":7}}]},"2":{"loc":{"start":{"line":51,"column":10},"end":{"line":51,"column":86}},"type":"binary-expr","locations":[{"start":{"line":51,"column":10},"end":{"line":51,"column":18}},{"start":{"line":51,"column":22},"end":{"line":51,"column":29}},{"start":{"line":51,"column":33},"end":{"line":51,"column":45}},{"start":{"line":51,"column":49},"end":{"line":51,"column":64}},{"start":{"line":51,"column":68},"end":{"line":51,"column":86}}]},"3":{"loc":{"start":{"line":60,"column":6},"end":{"line":66,"column":7}},"type":"if","locations":[{"start":{"line":60,"column":6},"end":{"line":66,"column":7}}]},"4":{"loc":{"start":{"line":60,"column":10},"end":{"line":60,"column":61}},"type":"binary-expr","locations":[{"start":{"line":60,"column":10},"end":{"line":60,"column":32}},{"start":{"line":60,"column":36},"end":{"line":60,"column":61}}]},"5":{"loc":{"start":{"line":68,"column":6},"end":{"line":74,"column":7}},"type":"if","locations":[{"start":{"line":68,"column":6},"end":{"line":74,"column":7}}]},"6":{"loc":{"start":{"line":68,"column":10},"end":{"line":68,"column":74}},"type":"binary-expr","locations":[{"start":{"line":68,"column":10},"end":{"line":68,"column":42}},{"start":{"line":68,"column":46},"end":{"line":68,"column":74}}]},"7":{"loc":{"start":{"line":86,"column":6},"end":{"line":92,"column":7}},"type":"if","locations":[{"start":{"line":86,"column":6},"end":{"line":92,"column":7}}]},"8":{"loc":{"start":{"line":90,"column":17},"end":{"line":90,"column":68}},"type":"binary-expr","locations":[{"start":{"line":90,"column":17},"end":{"line":90,"column":33}},{"start":{"line":90,"column":37},"end":{"line":90,"column":68}}]},"9":{"loc":{"start":{"line":103,"column":17},"end":{"line":103,"column":30}},"type":"binary-expr","locations":[{"start":{"line":103,"column":17},"end":{"line":103,"column":24}},{"start":{"line":103,"column":28},"end":{"line":103,"column":30}}]},"10":{"loc":{"start":{"line":124,"column":15},"end":{"line":124,"column":69}},"type":"cond-expr","locations":[{"start":{"line":124,"column":40},"end":{"line":124,"column":53}},{"start":{"line":124,"column":56},"end":{"line":124,"column":69}}]},"11":{"loc":{"start":{"line":137,"column":6},"end":{"line":139,"column":7}},"type":"if","locations":[{"start":{"line":137,"column":6},"end":{"line":139,"column":7}}]},"12":{"loc":{"start":{"line":143,"column":6},"end":{"line":146,"column":7}},"type":"if","locations":[{"start":{"line":143,"column":6},"end":{"line":146,"column":7}}]},"13":{"loc":{"start":{"line":166,"column":6},"end":{"line":171,"column":7}},"type":"if","locations":[{"start":{"line":166,"column":6},"end":{"line":171,"column":7}}]},"14":{"loc":{"start":{"line":174,"column":6},"end":{"line":180,"column":7}},"type":"if","locations":[{"start":{"line":174,"column":6},"end":{"line":180,"column":7}}]},"15":{"loc":{"start":{"line":174,"column":10},"end":{"line":174,"column":44}},"type":"binary-expr","locations":[{"start":{"line":174,"column":10},"end":{"line":174,"column":20}},{"start":{"line":174,"column":24},"end":{"line":174,"column":44}}]},"16":{"loc":{"start":{"line":191,"column":6},"end":{"line":197,"column":7}},"type":"if","locations":[{"start":{"line":191,"column":6},"end":{"line":197,"column":7}}]},"17":{"loc":{"start":{"line":225,"column":15},"end":{"line":225,"column":69}},"type":"cond-expr","locations":[{"start":{"line":225,"column":40},"end":{"line":225,"column":53}},{"start":{"line":225,"column":56},"end":{"line":225,"column":69}}]},"18":{"loc":{"start":{"line":237,"column":4},"end":{"line":237,"column":24}},"type":"default-arg","locations":[{"start":{"line":237,"column":22},"end":{"line":237,"column":24}}]},"19":{"loc":{"start":{"line":238,"column":4},"end":{"line":238,"column":53}},"type":"default-arg","locations":[{"start":{"line":238,"column":44},"end":{"line":238,"column":53}}]},"20":{"loc":{"start":{"line":253,"column":6},"end":{"line":258,"column":7}},"type":"if","locations":[{"start":{"line":253,"column":6},"end":{"line":258,"column":7}}]},"21":{"loc":{"start":{"line":265,"column":15},"end":{"line":265,"column":101}},"type":"cond-expr","locations":[{"start":{"line":265,"column":40},"end":{"line":265,"column":53}},{"start":{"line":265,"column":56},"end":{"line":265,"column":101}}]},"22":{"loc":{"start":{"line":304,"column":8},"end":{"line":306,"column":9}},"type":"if","locations":[{"start":{"line":304,"column":8},"end":{"line":306,"column":9}}]},"23":{"loc":{"start":{"line":312,"column":8},"end":{"line":314,"column":9}},"type":"if","locations":[{"start":{"line":312,"column":8},"end":{"line":314,"column":9}}]},"24":{"loc":{"start":{"line":334,"column":27},"end":{"line":334,"column":75}},"type":"binary-expr","locations":[{"start":{"line":334,"column":27},"end":{"line":334,"column":62}},{"start":{"line":334,"column":66},"end":{"line":334,"column":75}}]},"25":{"loc":{"start":{"line":335,"column":22},"end":{"line":335,"column":59}},"type":"binary-expr","locations":[{"start":{"line":335,"column":22},"end":{"line":335,"column":53}},{"start":{"line":335,"column":57},"end":{"line":335,"column":59}}]},"26":{"loc":{"start":{"line":338,"column":6},"end":{"line":340,"column":7}},"type":"if","locations":[{"start":{"line":338,"column":6},"end":{"line":340,"column":7}}]},"27":{"loc":{"start":{"line":338,"column":10},"end":{"line":338,"column":74}},"type":"binary-expr","locations":[{"start":{"line":338,"column":10},"end":{"line":338,"column":17}},{"start":{"line":338,"column":21},"end":{"line":338,"column":33}},{"start":{"line":338,"column":37},"end":{"line":338,"column":52}},{"start":{"line":338,"column":56},"end":{"line":338,"column":74}}]},"28":{"loc":{"start":{"line":350,"column":21},"end":{"line":350,"column":69}},"type":"cond-expr","locations":[{"start":{"line":350,"column":35},"end":{"line":350,"column":56}},{"start":{"line":350,"column":59},"end":{"line":350,"column":69}}]},"29":{"loc":{"start":{"line":366,"column":6},"end":{"line":368,"column":7}},"type":"if","locations":[{"start":{"line":366,"column":6},"end":{"line":368,"column":7}}]},"30":{"loc":{"start":{"line":366,"column":10},"end":{"line":366,"column":79}},"type":"binary-expr","locations":[{"start":{"line":366,"column":10},"end":{"line":366,"column":16}},{"start":{"line":366,"column":20},"end":{"line":366,"column":79}}]}},"s":{"0":1,"1":31,"2":31,"3":31,"4":8,"5":8,"6":1,"7":7,"8":0,"9":7,"10":3,"11":4,"12":4,"13":4,"14":0,"15":0,"16":0,"17":0,"18":0,"19":0,"20":0,"21":17,"22":17,"23":17,"24":13,"25":4,"26":4,"27":0,"28":0,"29":4,"30":0,"31":0,"32":4,"33":4,"34":4,"35":1,"36":3,"37":0,"38":3,"39":3,"40":3,"41":0,"42":0,"43":0,"44":0,"45":0,"46":0,"47":0,"48":0,"49":7,"50":7,"51":7,"52":0,"53":0,"54":0,"55":7,"56":0,"57":0,"58":0,"59":0,"60":0,"61":0,"62":0,"63":0,"64":0,"65":0,"66":0,"67":31,"68":31,"69":31,"70":3277,"71":3277,"72":12,"73":31,"74":12,"75":12,"76":12,"77":31,"78":0,"79":16,"80":16,"81":16,"82":16,"83":16,"84":16,"85":16,"86":16,"87":16,"88":16,"89":4,"90":12,"91":0,"92":0,"93":6,"94":6,"95":6,"96":2,"97":4,"98":4,"99":4,"100":4,"101":0,"102":1,"103":1,"104":1,"105":1,"106":1,"107":1,"108":1,"109":1,"110":1,"111":1,"112":1,"113":1,"114":1},"f":{"0":31,"1":8,"2":17,"3":4,"4":7,"5":0,"6":31,"7":16,"8":6,"9":1,"10":1},"b":{"0":[5],"1":[1],"2":[8,8,8,7,7],"3":[0],"4":[7,7],"5":[3],"6":[7,4],"7":[4],"8":[4,0],"9":[0,0],"10":[0,0],"11":[13],"12":[0],"13":[1],"14":[0],"15":[3,3],"16":[3],"17":[0,0],"18":[3],"19":[0],"20":[0],"21":[7,0],"22":[12],"23":[12],"24":[16,15],"25":[16,12],"26":[4],"27":[16,12,12,12],"28":[0,12],"29":[2],"30":[6,2]}}
,"D:\\FAITH-POS\\faith-pos\\backend\\src\\services\\CustomerCreditService.ts": {"path":"D:\\FAITH-POS\\faith-pos\\backend\\src\\services\\CustomerCreditService.ts","statementMap":{"0":{"start":{"line":23,"column":4},"end":{"line":23,"column":39}},"1":{"start":{"line":35,"column":4},"end":{"line":35,"column":39}},"2":{"start":{"line":52,"column":4},"end":{"line":52,"column":39}},"3":{"start":{"line":64,"column":4},"end":{"line":64,"column":39}},"4":{"start":{"line":77,"column":4},"end":{"line":77,"column":39}},"5":{"start":{"line":7,"column":0},"end":{"line":7,"column":13}}},"fnMap":{"0":{"name":"(anonymous_0)","decl":{"start":{"line":12,"column":2},"end":{"line":12,"column":7}},"loc":{"start":{"line":16,"column":18},"end":{"line":24,"column":3}}},"1":{"name":"(anonymous_1)","decl":{"start":{"line":30,"column":2},"end":{"line":30,"column":7}},"loc":{"start":{"line":32,"column":19},"end":{"line":36,"column":3}}},"2":{"name":"(anonymous_2)","decl":{"start":{"line":42,"column":2},"end":{"line":42,"column":7}},"loc":{"start":{"line":45,"column":18},"end":{"line":53,"column":3}}},"3":{"name":"(anonymous_3)","decl":{"start":{"line":58,"column":2},"end":{"line":58,"column":7}},"loc":{"start":{"line":61,"column":22},"end":{"line":65,"column":3}}},"4":{"name":"(anonymous_4)","decl":{"start":{"line":70,"column":2},"end":{"line":70,"column":7}},"loc":{"start":{"line":74,"column":18},"end":{"line":78,"column":3}}}},"branchMap":{"0":{"loc":{"start":{"line":61,"column":4},"end":{"line":61,"column":22}},"type":"default-arg","locations":[{"start":{"line":61,"column":20},"end":{"line":61,"column":22}}]}},"s":{"0":0,"1":0,"2":0,"3":0,"4":0,"5":0},"f":{"0":0,"1":0,"2":0,"3":0,"4":0},"b":{"0":[0]}}
,"D:\\FAITH-POS\\faith-pos\\backend\\src\\services\\OfflineQueueManager.ts": {"path":"D:\\FAITH-POS\\faith-pos\\backend\\src\\services\\OfflineQueueManager.ts","statementMap":{"0":{"start":{"line":21,"column":4},"end":{"line":21,"column":39}},"1":{"start":{"line":32,"column":4},"end":{"line":32,"column":39}},"2":{"start":{"line":46,"column":4},"end":{"line":46,"column":39}},"3":{"start":{"line":58,"column":4},"end":{"line":58,"column":39}},"4":{"start":{"line":68,"column":4},"end":{"line":68,"column":39}},"5":{"start":{"line":76,"column":4},"end":{"line":76,"column":39}},"6":{"start":{"line":7,"column":0},"end":{"line":7,"column":13}}},"fnMap":{"0":{"name":"(anonymous_0)","decl":{"start":{"line":12,"column":2},"end":{"line":12,"column":7}},"loc":{"start":{"line":16,"column":19},"end":{"line":22,"column":3}}},"1":{"name":"(anonymous_1)","decl":{"start":{"line":28,"column":2},"end":{"line":28,"column":7}},"loc":{"start":{"line":28,"column":26},"end":{"line":33,"column":3}}},"2":{"name":"(anonymous_2)","decl":{"start":{"line":39,"column":2},"end":{"line":39,"column":7}},"loc":{"start":{"line":39,"column":20},"end":{"line":47,"column":3}}},"3":{"name":"(anonymous_3)","decl":{"start":{"line":52,"column":2},"end":{"line":52,"column":7}},"loc":{"start":{"line":52,"column":38},"end":{"line":59,"column":3}}},"4":{"name":"(anonymous_4)","decl":{"start":{"line":64,"column":2},"end":{"line":64,"column":25}},"loc":{"start":{"line":64,"column":52},"end":{"line":69,"column":3}}},"5":{"name":"(anonymous_5)","decl":{"start":{"line":74,"column":2},"end":{"line":74,"column":24}},"loc":{"start":{"line":74,"column":24},"end":{"line":77,"column":3}}}},"branchMap":{"0":{"loc":{"start":{"line":64,"column":26},"end":{"line":64,"column":52}},"type":"default-arg","locations":[{"start":{"line":64,"column":47},"end":{"line":64,"column":52}}]}},"s":{"0":0,"1":0,"2":0,"3":0,"4":0,"5":0,"6":0},"f":{"0":0,"1":0,"2":0,"3":0,"4":0,"5":0},"b":{"0":[0]}}
,"D:\\FAITH-POS\\faith-pos\\backend\\src\\services\\PaymentService.ts": {"path":"D:\\FAITH-POS\\faith-pos\\backend\\src\\services\\PaymentService.ts","statementMap":{"0":{"start":{"line":7,"column":0},"end":{"line":7,"column":58}},"1":{"start":{"line":20,"column":10},"end":{"line":20,"column":65}},"2":{"start":{"line":21,"column":10},"end":{"line":21,"column":65}},"3":{"start":{"line":28,"column":4},"end":{"line":28,"column":41}},"4":{"start":{"line":29,"column":4},"end":{"line":29,"column":47}},"5":{"start":{"line":30,"column":4},"end":{"line":30,"column":55}},"6":{"start":{"line":48,"column":4},"end":{"line":52,"column":5}},"7":{"start":{"line":49,"column":6},"end":{"line":51,"column":8}},"8":{"start":{"line":55,"column":28},"end":{"line":57,"column":19}},"9":{"start":{"line":61,"column":4},"end":{"line":73,"column":5}},"10":{"start":{"line":62,"column":6},"end":{"line":70,"column":9}},"11":{"start":{"line":72,"column":6},"end":{"line":72,"column":116}},"12":{"start":{"line":76,"column":4},"end":{"line":130,"column":5}},"13":{"start":{"line":78,"column":26},"end":{"line":78,"column":100}},"14":{"start":{"line":80,"column":28},"end":{"line":84,"column":null}},"15":{"start":{"line":88,"column":6},"end":{"line":100,"column":8}},"16":{"start":{"line":103,"column":6},"end":{"line":107,"column":8}},"17":{"start":{"line":111,"column":27},"end":{"line":111,"column":81}},"18":{"start":{"line":112,"column":34},"end":{"line":112,"column":77}},"19":{"start":{"line":115,"column":6},"end":{"line":122,"column":8}},"20":{"start":{"line":124,"column":6},"end":{"line":127,"column":8}},"21":{"start":{"line":129,"column":6},"end":{"line":129,"column":43}},"22":{"start":{"line":133,"column":30},"end":{"line":133,"column":43}},"23":{"start":{"line":134,"column":25},"end":{"line":136,"column":null}},"24":{"start":{"line":135,"column":12},"end":{"line":135,"column":57}},"25":{"start":{"line":138,"column":4},"end":{"line":138,"column":61}},"26":{"start":{"line":141,"column":4},"end":{"line":141,"column":42}},"27":{"start":{"line":143,"column":4},"end":{"line":143,"column":19}},"28":{"start":{"line":151,"column":30},"end":{"line":151,"column":34}},"29":{"start":{"line":153,"column":25},"end":{"line":158,"column":null}},"30":{"start":{"line":154,"column":12},"end":{"line":157,"column":8}},"31":{"start":{"line":156,"column":8},"end":{"line":156,"column":78}},"32":{"start":{"line":161,"column":4},"end":{"line":161,"column":52}},"33":{"start":{"line":170,"column":4},"end":{"line":172,"column":5}},"34":{"start":{"line":171,"column":6},"end":{"line":171,"column":69}},"35":{"start":{"line":173,"column":4},"end":{"line":175,"column":5}},"36":{"start":{"line":174,"column":6},"end":{"line":174,"column":52}},"37":{"start":{"line":176,"column":4},"end":{"line":178,"column":5}},"38":{"start":{"line":177,"column":6},"end":{"line":177,"column":46}},"39":{"start":{"line":179,"column":4},"end":{"line":181,"column":5}},"40":{"start":{"line":180,"column":6},"end":{"line":180,"column":72}},"41":{"start":{"line":182,"column":4},"end":{"line":184,"column":5}},"42":{"start":{"line":183,"column":6},"end":{"line":183,"column":73}},"43":{"start":{"line":185,"column":4},"end":{"line":187,"column":5}},"44":{"start":{"line":186,"column":6},"end":{"line":186,"column":74}},"45":{"start":{"line":188,"column":4},"end":{"line":190,"column":5}},"46":{"start":{"line":189,"column":6},"end":{"line":189,"column":76}},"47":{"start":{"line":192,"column":4},"end":{"line":192,"column":58}},"48":{"start":{"line":202,"column":20},"end":{"line":202,"column":68}},"49":{"start":{"line":203,"column":4},"end":{"line":207,"column":5}},"50":{"start":{"line":204,"column":6},"end":{"line":204,"column":54}},"51":{"start":{"line":205,"column":6},"end":{"line":205,"column":36}},"52":{"start":{"line":206,"column":6},"end":{"line":206,"column":13}},"53":{"start":{"line":210,"column":4},"end":{"line":218,"column":5}},"54":{"start":{"line":216,"column":6},"end":{"line":216,"column":36}},"55":{"start":{"line":217,"column":6},"end":{"line":217,"column":13}},"56":{"start":{"line":221,"column":4},"end":{"line":224,"column":5}},"57":{"start":{"line":222,"column":6},"end":{"line":222,"column":71}},"58":{"start":{"line":223,"column":6},"end":{"line":223,"column":13}},"59":{"start":{"line":226,"column":4},"end":{"line":304,"column":5}},"60":{"start":{"line":228,"column":29},"end":{"line":230,"column":null}},"61":{"start":{"line":234,"column":25},"end":{"line":234,"column":50}},"62":{"start":{"line":237,"column":6},"end":{"line":299,"column":7}},"63":{"start":{"line":239,"column":8},"end":{"line":250,"column":10}},"64":{"start":{"line":253,"column":8},"end":{"line":264,"column":9}},"65":{"start":{"line":255,"column":10},"end":{"line":263,"column":11}},"66":{"start":{"line":256,"column":12},"end":{"line":260,"column":14}},"67":{"start":{"line":262,"column":12},"end":{"line":262,"column":70}},"68":{"start":{"line":267,"column":8},"end":{"line":272,"column":9}},"69":{"start":{"line":268,"column":10},"end":{"line":268,"column":71}},"70":{"start":{"line":270,"column":10},"end":{"line":270,"column":84}},"71":{"start":{"line":275,"column":8},"end":{"line":275,"column":38}},"72":{"start":{"line":278,"column":27},"end":{"line":278,"column":71}},"73":{"start":{"line":280,"column":8},"end":{"line":291,"column":10}},"74":{"start":{"line":294,"column":36},"end":{"line":294,"column":90}},"75":{"start":{"line":295,"column":8},"end":{"line":295,"column":88}},"76":{"start":{"line":298,"column":8},"end":{"line":298,"column":38}},"77":{"start":{"line":302,"column":6},"end":{"line":302,"column":79}},"78":{"start":{"line":312,"column":53},"end":{"line":319,"column":6}},"79":{"start":{"line":322,"column":4},"end":{"line":324,"column":5}},"80":{"start":{"line":323,"column":6},"end":{"line":323,"column":32}},"81":{"start":{"line":327,"column":4},"end":{"line":329,"column":5}},"82":{"start":{"line":328,"column":6},"end":{"line":328,"column":56}},"83":{"start":{"line":331,"column":4},"end":{"line":333,"column":5}},"84":{"start":{"line":332,"column":6},"end":{"line":332,"column":52}},"85":{"start":{"line":335,"column":4},"end":{"line":337,"column":5}},"86":{"start":{"line":336,"column":6},"end":{"line":336,"column":55}},"87":{"start":{"line":340,"column":4},"end":{"line":340,"column":80}},"88":{"start":{"line":349,"column":4},"end":{"line":400,"column":5}},"89":{"start":{"line":351,"column":22},"end":{"line":351,"column":70}},"90":{"start":{"line":352,"column":6},"end":{"line":355,"column":7}},"91":{"start":{"line":353,"column":8},"end":{"line":353,"column":77}},"92":{"start":{"line":354,"column":8},"end":{"line":354,"column":15}},"93":{"start":{"line":358,"column":6},"end":{"line":367,"column":7}},"94":{"start":{"line":365,"column":8},"end":{"line":365,"column":38}},"95":{"start":{"line":366,"column":8},"end":{"line":366,"column":15}},"96":{"start":{"line":370,"column":29},"end":{"line":370,"column":99}},"97":{"start":{"line":372,"column":6},
[...]
,"D:\\FAITH-POS\\faith-pos\\backend\\src\\services\\supabase.ts": {"path":"D:\\FAITH-POS\\faith-pos\\backend\\src\\services\\supabase.ts","statementMap":{"0":{"start":{"line":9,"column":0},"end":{"line":9,"column":7}},"1":{"start":{"line":20,"column":0},"end":{"line":20,"column":7}},"2":{"start":{"line":31,"column":0},"end":{"line":31,"column":7}},"3":{"start":{"line":40,"column":0},"end":{"line":40,"column":7}},"4":{"start":{"line":49,"column":0},"end":{"line":49,"column":7}},"5":{"start":{"line":1,"column":0},"end":{"line":1,"column":53}},"6":{"start":{"line":2,"column":0},"end":{"line":2,"column":42}},"7":{"start":{"line":4,"column":13},"end":{"line":7,"column":2}},"8":{"start":{"line":10,"column":26},"end":{"line":14,"column":45}},"9":{"start":{"line":16,"column":2},"end":{"line":16,"column":25}},"10":{"start":{"line":16,"column":13},"end":{"line":16,"column":25}},"11":{"start":{"line":17,"column":2},"end":{"line":17,"column":14}},"12":{"start":{"line":21,"column":26},"end":{"line":25,"column":45}},"13":{"start":{"line":27,"column":2},"end":{"line":27,"column":25}},"14":{"start":{"line":27,"column":13},"end":{"line":27,"column":25}},"15":{"start":{"line":28,"column":2},"end":{"line":28,"column":14}},"16":{"start":{"line":32,"column":26},"end":{"line":34,"column":71}},"17":{"start":{"line":36,"column":2},"end":{"line":36,"column":25}},"18":{"start":{"line":36,"column":13},"end":{"line":36,"column":25}},"19":{"start":{"line":37,"column":2},"end":{"line":37,"column":14}},"20":{"start":{"line":41,"column":26},"end":{"line":43,"column":37}},"21":{"start":{"line":45,"column":2},"end":{"line":45,"column":25}},"22":{"start":{"line":45,"column":13},"end":{"line":45,"column":25}},"23":{"start":{"line":46,"column":2},"end":{"line":46,"column":14}},"24":{"start":{"line":50,"column":26},"end":{"line":52,"column":33}},"25":{"start":{"line":54,"column":2},"end":{"line":54,"column":25}},"26":{"start":{"line":54,"column":13},"end":{"line":54,"column":25}},"27":{"start":{"line":55,"column":2},"end":{"line":55,"column":14}}},"fnMap":{"0":{"name":"getSalesSummary","decl":{"start":{"line":9,"column":22},"end":{"line":9,"column":37}},"loc":{"start":{"line":9,"column":68},"end":{"line":18,"column":1}}},"1":{"name":"getCreditSummary","decl":{"start":{"line":20,"column":22},"end":{"line":20,"column":38}},"loc":{"start":{"line":20,"column":69},"end":{"line":29,"column":1}}},"2":{"name":"getStockSummary","decl":{"start":{"line":31,"column":22},"end":{"line":31,"column":37}},"loc":{"start":{"line":31,"column":37},"end":{"line":38,"column":1}}},"3":{"name":"getCustomers","decl":{"start":{"line":40,"column":22},"end":{"line":40,"column":34}},"loc":{"start":{"line":40,"column":34},"end":{"line":47,"column":1}}},"4":{"name":"getStores","decl":{"start":{"line":49,"column":22},"end":{"line":49,"column":31}},"loc":{"start":{"line":49,"column":31},"end":{"line":56,"column":1}}}},"branchMap":{"0":{"loc":{"start":{"line":16,"column":2},"end":{"line":16,"column":25}},"type":"if","locations":[{"start":{"line":16,"column":2},"end":{"line":16,"column":25}}]},"1":{"loc":{"start":{"line":27,"column":2},"end":{"line":27,"column":25}},"type":"if","locations":[{"start":{"line":27,"column":2},"end":{"line":27,"column":25}}]},"2":{"loc":{"start":{"line":36,"column":2},"end":{"line":36,"column":25}},"type":"if","locations":[{"start":{"line":36,"column":2},"end":{"line":36,"column":25}}]},"3":{"loc":{"start":{"line":45,"column":2},"end":{"line":45,"column":25}},"type":"if","locations":[{"start":{"line":45,"column":2},"end":{"line":45,"column":25}}]},"4":{"loc":{"start":{"line":54,"column":2},"end":{"line":54,"column":25}},"type":"if","locations":[{"start":{"line":54,"column":2},"end":{"line":54,"column":25}}]}},"s":{"0":0,"1":0,"2":0,"3":0,"4":0,"5":0,"6":0,"7":0,"8":0,"9":0,"10":0,"11":0,"12":0,"13":0,"14":0,"15":0,"16":0,"17":0,"18":0,"19":0,"20":0,"21":0,"22":0,"23":0,"24":0,"25":0,"26":0,"27":0},"f":{"0":0,"1":0,"2":0,"3":0,"4":0},"b":{"0":[0],"1":[0],"2":[0],"3":[0],"4":[0]}}
,"D:\\FAITH-POS\\faith-pos\\backend\\src\\services\\whatsapp.ts": {"path":"D:\\FAITH-POS\\faith-pos\\backend\\src\\services\\whatsapp.ts","statementMap":{"0":{"start":{"line":6,"column":0},"end":{"line":6,"column":7}},"1":{"start":{"line":23,"column":0},"end":{"line":23,"column":7}},"2":{"start":{"line":42,"column":0},"end":{"line":42,"column":16}},"3":{"start":{"line":1,"column":0},"end":{"line":1,"column":28}},"4":{"start":{"line":2,"column":0},"end":{"line":2,"column":42}},"5":{"start":{"line":4,"column":15},"end":{"line":4,"column":72}},"6":{"start":{"line":10,"column":2},"end":{"line":20,"column":3}},"7":{"start":{"line":11,"column":4},"end":{"line":15,"column":7}},"8":{"start":{"line":16,"column":4},"end":{"line":16,"column":46}},"9":{"start":{"line":18,"column":4},"end":{"line":18,"column":60}},"10":{"start":{"line":19,"column":4},"end":{"line":19,"column":16}},"11":{"start":{"line":28,"column":2},"end":{"line":39,"column":3}},"12":{"start":{"line":29,"column":4},"end":{"line":34,"column":7}},"13":{"start":{"line":35,"column":4},"end":{"line":35,"column":62}},"14":{"start":{"line":37,"column":4},"end":{"line":37,"column":76}},"15":{"start":{"line":38,"column":4},"end":{"line":38,"column":16}},"16":{"start":{"line":47,"column":26},"end":{"line":47,"column":49}},"17":{"start":{"line":48,"column":17},"end":{"line":48,"column":34}},"18":{"start":{"line":50,"column":15},"end":{"line":53,"column":21}},"19":{"start":{"line":55,"column":2},"end":{"line":55,"column":34}}},"fnMap":{"0":{"name":"sendMessage","decl":{"start":{"line":6,"column":22},"end":{"line":6,"column":33}},"loc":{"start":{"line":8,"column":17},"end":{"line":21,"column":1}}},"1":{"name":"sendMessageWithAttachment","decl":{"start":{"line":23,"column":22},"end":{"line":23,"column":47}},"loc":{"start":{"line":26,"column":18},"end":{"line":40,"column":1}}},"2":{"name":"validateWebhook","decl":{"start":{"line":42,"column":16},"end":{"line":42,"column":31}},"loc":{"start":{"line":45,"column":25},"end":{"line":56,"column":1}}}},"branchMap":{},"s":{"0":0,"1":0,"2":0,"3":0,"4":0,"5":0,"6":0,"7":0,"8":0,"9":0,"10":0,"11":0,"12":0,"13":0,"14":0,"15":0,"16":0,"17":0,"18":0,"19":0},"f":{"0":0,"1":0,"2":0},"b":{}}
,"D:\\FAITH-POS\\faith-pos\\backend\\src\\services\\mpesa\\MpesaApiClient.ts": {"path":"D:\\FAITH-POS\\faith-pos\\backend\\src\\services\\mpesa\\MpesaApiClient.ts","statementMap":{"0":{"start":{"line":7,"column":0},"end":{"line":7,"column":33}},"1":{"start":{"line":24,"column":10},"end":{"line":24,"column":44}},"2":{"start":{"line":25,"column":10},"end":{"line":25,"column":45}},"3":{"start":{"line":34,"column":4},"end":{"line":34,"column":35}},"4":{"start":{"line":35,"column":4},"end":{"line":35,"column":41}},"5":{"start":{"line":36,"column":4},"end":{"line":36,"column":47}},"6":{"start":{"line":37,"column":4},"end":{"line":37,"column":27}},"7":{"start":{"line":40,"column":4},"end":{"line":43,"column":40}},"8":{"start":{"line":52,"column":4},"end":{"line":54,"column":5}},"9":{"start":{"line":53,"column":6},"end":{"line":53,"column":30}},"10":{"start":{"line":56,"column":17},"end":{"line":56,"column":93}},"11":{"start":{"line":58,"column":21},"end":{"line":71,"column":6}},"12":{"start":{"line":59,"column":18},"end":{"line":64,"column":8}},"13":{"start":{"line":66,"column":6},"end":{"line":68,"column":7}},"14":{"start":{"line":67,"column":8},"end":{"line":67,"column":87}},"15":{"start":{"line":70,"column":6},"end":{"line":70,"column":17}},"16":{"start":{"line":73,"column":18},"end":{"line":73,"column":39}},"17":{"start":{"line":75,"column":4},"end":{"line":75,"column":41}},"18":{"start":{"line":76,"column":4},"end":{"line":76,"column":79}},"19":{"start":{"line":78,"column":4},"end":{"line":78,"column":28}},"20":{"start":{"line":92,"column":18},"end":{"line":92,"column":45}},"21":{"start":{"line":94,"column":22},"end":{"line":94,"column":82}},"22":{"start":{"line":95,"column":21},"end":{"line":97,"column":24}},"23":{"start":{"line":99,"column":20},"end":{"line":111,"column":6}},"24":{"start":{"line":113,"column":21},"end":{"line":131,"column":6}},"25":{"start":{"line":114,"column":18},"end":{"line":121,"column":8}},"26":{"start":{"line":123,"column":6},"end":{"line":128,"column":7}},"27":{"start":{"line":124,"column":22},"end":{"line":124,"column":38}},"28":{"start":{"line":125,"column":8},"end":{"line":127,"column":10}},"29":{"start":{"line":130,"column":6},"end":{"line":130,"column":17}},"30":{"start":{"line":133,"column":18},"end":{"line":133,"column":39}},"31":{"start":{"line":134,"column":4},"end":{"line":134,"column":16}},"32":{"start":{"line":145,"column":18},"end":{"line":145,"column":45}},"33":{"start":{"line":147,"column":22},"end":{"line":147,"column":82}},"34":{"start":{"line":148,"column":21},"end":{"line":150,"column":24}},"35":{"start":{"line":152,"column":20},"end":{"line":157,"column":6}},"36":{"start":{"line":159,"column":21},"end":{"line":174,"column":6}},"37":{"start":{"line":160,"column":18},"end":{"line":167,"column":8}},"38":{"start":{"line":169,"column":6},"end":{"line":171,"column":7}},"39":{"start":{"line":170,"column":8},"end":{"line":170,"column":62}},"40":{"start":{"line":173,"column":6},"end":{"line":173,"column":17}},"41":{"start":{"line":176,"column":18},"end":{"line":176,"column":39}},"42":{"start":{"line":177,"column":4},"end":{"line":177,"column":16}},"43":{"start":{"line":185,"column":4},"end":{"line":195,"column":5}},"44":{"start":{"line":187,"column":32},"end":{"line":190,"column":25}},"45":{"start":{"line":192,"column":6},"end":{"line":192,"column":45}},"46":{"start":{"line":194,"column":6},"end":{"line":194,"column":19}},"47":{"start":{"line":203,"column":45},"end":{"line":211,"column":6}},"48":{"start":{"line":213,"column":4},"end":{"line":213,"column":101}},"49":{"start":{"line":224,"column":34},"end":{"line":224,"column":38}},"50":{"start":{"line":226,"column":4},"end":{"line":237,"column":5}},"51":{"start":{"line":226,"column":23},"end":{"line":226,"column":24}},"52":{"start":{"line":227,"column":6},"end":{"line":236,"column":7}},"53":{"start":{"line":228,"column":8},"end":{"line":228,"column":26}},"54":{"start":{"line":230,"column":8},"end":{"line":230,"column":78}},"55":{"start":{"line":232,"column":8},"end":{"line":235,"column":9}},"56":{"start":{"line":233,"column":26},"end":{"line":233,"column":53}},"57":{"start":{"line":234,"column":10},"end":{"line":234,"column":69}},"58":{"start":{"line":234,"column":39},"end":{"line":234,"column":67}},"59":{"start":{"line":239,"column":4},"end":{"line":239,"column":20}},"60":{"start":{"line":246,"column":4},"end":{"line":248,"column":5}},"61":{"start":{"line":247,"column":6},"end":{"line":247,"column":49}},"62":{"start":{"line":250,"column":17},"end":{"line":250,"column":51}},"63":{"start":{"line":252,"column":4},"end":{"line":254,"column":5}},"64":{"start":{"line":253,"column":6},"end":{"line":253,"column":46}},"65":{"start":{"line":256,"column":17},"end":{"line":256,"column":53}},"66":{"start":{"line":258,"column":4},"end":{"line":260,"column":5}},"67":{"start":{"line":259,"column":6},"end":{"line":259,"column":56}},"68":{"start":{"line":262,"column":4},"end":{"line":262,"column":42}},"69":{"start":{"line":18,"column":0},"end":{"line":18,"column":13}}},"fnMap":{"0":{"name":"(anonymous_9)","decl":{"start":{"line":27,"column":2},"end":{"line":27,"column":null}},"loc":{"start":{"line":32,"column":53},"end":{"line":44,"column":3}}},"1":{"name":"(anonymous_10)","decl":{"start":{"line":50,"column":2},"end":{"line":50,"column":7}},"loc":{"start":{"line":50,"column":22},"end":{"line":79,"column":3}}},"2":{"name":"(anonymous_11)","decl":{"start":{"line":58,"column":42},"end":{"line":58,"column":47}},"loc":{"start":{"line":58,"column":53},"end":{"line":71,"column":5}}},"3":{"name":"(anonymous_12)","decl":{"start":{"line":86,"column":2},"end":{"line":86,"column":7}},"loc":{"start":{"line":90,"column":23},"end":{"line":135,"column":3}}},"4":{"name":"(anonymous_13)","decl":{"start":{"line":113,"column":42},"end":{"line":113,"column":47}},"loc":{"start":{"line":113,"column":53},"end":{"line":131,"column":5}}},"5":{"name":"(anonymous_14)","decl":{"start":{"line":141,"column":2},"end":{"line":141,"column":7}},"loc":{"start":{"line":143,"column":29},"end":{"line":178,"column":3}}},"6":{"name":"(anonymous_15)","decl":{"start":{"line":159,"column":42},"end":{"line":159,"column":47}},"loc":{"start":{"line":159,"column":53},"end":{"line":174,"column":5}}},"7":{"name":"(anonymous_16)","decl":{"start":{"line":184,"column":2},"end":{"line":184,"column":26}},"loc":{"start":{"line":184,"column":61},"end":{"line":196,"column":3}}},"8":{"name":"(anonymous_17)","decl":{"start":{"line":202,"column":2},"end":{"line":202,"column":23}},"loc":{"start":{"line":202,"column":50},"end":{"line":214,"column":3}}},"9":{"name":"(anonymous_18)","decl":{"start":{"line":220,"column":10},"end":{"line":220,"column":15}},"loc":{"start":{"line":222,"column":26},"end":{"line":240,"column":3}}},"10":{"name":"(anonymous_19)","decl":{"start":{"line":234,"column":28},"end":{"line":234,"column":35}},"loc":{"start":{"line":234,"column":39},"end":{"line":234,"column":67}}},"11":{"name":"(anonymous_20)","decl":{"start":{"line":245,"column":2},"end":{"line":245,"column":21}},"loc":{"start":{"line":245,"column":38},"end":{"line":263,"column":3}}}},"branchMap":{"0":{"loc":{"start":{"line":32,"column":4},"end":{"line":32,"column":53}},"type":"default-arg","locations":[{"start":{"line":32,"column":44},"end":{"line":32,"column":53}}]},"1":{"loc":{"start":{"line":41,"column":6},"end":{"line":43,"column":39}},"type":"cond-expr","locations":[{"start":{"line":42,"column":10},"end":{"line":42,"column":43}},{"start":{"line":43,"column":10},"end":{"line":43,"column":39}}]},"2":{"loc":{"start":{"line":52,"column":4},"end":{"line":54,"column":5}},"type":"if","locations":[{"start":{"line":52,"column":4},"end":{"line":54,"column":5}}]},"3":{"loc":{"start":{"line":52,"column":8},"end":{"line":52,"column":83}},"type":"binary-expr","locations":[{"start":{"line":52,"column":8},"end":{"line":52,"column":24}},{"start":{"line":52,"column":28},"end":{"line":52,"column":47}},{"start":{"line":52,"column":51},"end":{"line":52,"column":83}}]},"4":{"loc":{"start":{"line":66,"column":6},"end":{"line":68,"column":7}},"type":"if","locations":[{"start":{"line":66,"column":6},"end":{"line":68,"column":7}}]},"5":{"loc":{"start":{"line":123,"column":6},"end":{"line":128,"column":7}},"type":"if","locations":[{"start":{"line":123,"column":6},"end":{"line":128,"column":7}}]},"6":{"loc":{"start":{"line":123,"column":10},"end":{"line":123,"column":38}},"type":"binary-expr","locations":[{"start":{"line":123,"column":10},"end":{"line":123,"column":17}},{"start":{"line":123,"column":21},"end":{"line":123,"column":38}}]},"7":{"loc":{"start":{"line":169,"column":6},"end":{"line":171,"column":7}},"type":"if","locations":[{"start":{"line":169,"column":6},"end":{"line":171,"column":7}}]},"8":{"loc":{"start":{"line":213,"column":11},"end":{"line":213,"column":100}},"type":"binary-expr","locations":[{"start":{"line":213,"column":11},"end":{"line":213,"column":38}},{"start":{"line":213,"column":42},"end":{"line":213,"column":100}}]},"9":{"loc":{"start":{"line":222,"column":4},"end":{"line":222,"column":26}},"type":"default-arg","locations":[{"start":{"line":222,"column":25},"end":{"line":222,"column":26}}]},"10":{"loc":{"start":{"line":230,"column":20},"end":{"line":230,"column":77}},"type":"cond-expr","locations":[{"start":{"line":230,"column":45},"end":{"line":230,"column":50}},{"start":{"line":230,"column":53},"end":{"line":230,"column":77}}]},"11":{"loc":{"start":{"line":232,"column":8},"end":{"line":235,"column":9}},"type":"if","locations":[{"start":{"line":232,"column":8},"end":{"line":235,"column":9}}]},"12":{"loc":{"start":{"line":246,"column":4},"end":{"line":248,"column":5}},"type":"if","locations":[{"start":{"line":246,"column":4},"end":{"line":248,"column":5}}]},"13":{"loc":{"start":{"line":246,"column":8},"end":{"line":246,"column":47}},"type":"binary-expr","locations":[{"start":{"line":246,"column":8},"end":{"line":246,"column":16}},{"start":{"line":246,"column":20},"end":{"line":246,"column":47}}]},"14":{"loc":{"start":{"line":252,"column":4},"end":{"line":254,"column":5}},"type":"if","locations":[{"start":{"line":252,"column":4},"end":{"line":254,"column":5}}]},"15":{"loc":{"start":{"line":252,"column":8},"end":{"line":252,"column":51}},"type":"binary-expr","locations":[{"start":{"line":252,"column":8},"end":{"line":252,"column":18}},{"start":{"line":252,"column":22},"end":{"line":252,"column":51}}]},"16":{"loc":{"start":{"line":258,"column":4},"end":{"line":260,"column":5}},"type":"if","locations":[{"start":{"line":258,"column":4},"end":{"line":260,"column":5}}]},"17":{"loc":{"start":{"line":258,"column":8},"end":{"line":258,"column":65}},"type":"binary-expr","locations":[{"start":{"line":258,"column":8},"end":{"line":258,"column":25}},{"start":{"line":258,"column":29},"end":{"line":258,"column":65}}]}},"s":{"0":2,"1":33,"2":33,"3":33,"4":33,"5":33,"6":33,"7":33,"8":17,"9":1,"10":16,"11":16,"12":40,"13":39,"14":31,"15":8,"16":8,"17":8,"18":8,"19":8,"20":3,"21":3,"22":3,"23":3,"24":3,"25":6,"26":6,"27":4,"28":4,"29":2,"30":2,"31":2,"32":3,"33":3,"34":3,"35":3,"36":3,"37":6,"38":6,"39":4,"40":2,"41":2,"42":2,"43":3,"44":3,"45":2,"46":1,"47":6,"48":6,"49":24,"50":24,"51":24,"52":58,"53":58,"54":45,"55":45,"56":34,"57":34,"58":34,"59":11,"60":4,"61":1,"62":3,"63":3,"64":1,"65":2,"66":2,"67":1,"68":1,"69":2},"f":{"0":33,"1":17,"2":40,"3":3,"4":6,"5":3,"6":6,"7":3,"8":6,"9":24,"10":34,"11":4},"b":{"0":[0],"1":[32,1],"2":[1],"3":[17,1,1],"4":[31],"5":[4],"6":[6,4],"7":[4],"8":[6,1],"9":[22],"10":[44,1],"11":[34],"12":[1],"13":[4,3],"14":[1],"15":[3,2],"16":[1],"17":[2,1]}}
,"D:\\FAITH-POS\\faith-pos\\backend\\src\\types\\payment.ts": {"path":"D:\\FAITH-POS\\faith-pos\\backend\\src\\types\\payment.ts","statementMap":{"0":{"start":{"line":9,"column":0},"end":{"line":9,"column":null}},"1":{"start":{"line":10,"column":2},"end":{"line":10,"column":null}},"2":{"start":{"line":11,"column":2},"end":{"line":11,"column":null}},"3":{"start":{"line":12,"column":2},"end":{"line":12,"column":null}},"4":{"start":{"line":13,"column":2},"end":{"line":13,"column":null}},"5":{"start":{"line":14,"column":2},"end":{"line":14,"column":null}},"6":{"start":{"line":15,"column":2},"end":{"line":15,"column":null}}},"fnMap":{"0":{"name":"(anonymous_0)","decl":{"start":{"line":9,"column":0},"end":{"line":9,"column":12}},"loc":{"start":{"line":9,"column":25},"end":{"line":16,"column":1}}}},"branchMap":{"0":{"loc":{"start":{"line":9,"column":12},"end":{"line":9,"column":null}},"type":"binary-expr","locations":[{"start":{"line":9,"column":12},"end":{"line":9,"column":25}},{"start":{"line":9,"column":25},"end":{"line":9,"column":null}}]}},"s":{"0":4,"1":4,"2":4,"3":4,"4":4,"5":4,"6":4},"f":{"0":4},"b":{"0":[4,4]}}
}
