TN:
SF:src\config\env.ts
FNF:0
FNH:0
DA:1,0
LF:1
LH:0
BRF:0
BRH:0
end_of_record
TN:
SF:src\handlers\WebhookHandler.ts
FN:22,(anonymous_0)
FN:37,(anonymous_1)
FN:155,(anonymous_2)
FN:191,(anonymous_3)
FN:219,(anonymous_4)
FN:250,(anonymous_5)
FN:274,(anonymous_6)
FN:300,(anonymous_7)
FN:302,(anonymous_8)
FN:305,(anonymous_9)
FN:317,(anonymous_10)
FN:332,(anonymous_11)
FN:344,(anonymous_12)
FN:361,(anonymous_13)
FN:375,(anonymous_14)
FN:386,(anonymous_15)
FN:387,(anonymous_16)
FNF:17
FNH:12
FNDA:15,(anonymous_0)
FNDA:11,(anonymous_1)
FNDA:2,(anonymous_2)
FNDA:2,(anonymous_3)
FNDA:2,(anonymous_4)
FNDA:3,(anonymous_5)
FNDA:5,(anonymous_6)
FNDA:0,(anonymous_7)
FNDA:0,(anonymous_8)
FNDA:0,(anonymous_9)
FNDA:0,(anonymous_10)
FNDA:11,(anonymous_11)
FNDA:4,(anonymous_12)
FNDA:0,(anonymous_13)
FNDA:2,(anonymous_14)
FNDA:2,(anonymous_15)
FNDA:2,(anonymous_16)
DA:7,1
DA:16,1
DA:20,15
DA:27,15
DA:28,15
DA:29,15
DA:43,11
DA:51,11
DA:54,11
DA:59,10
DA:61,10
DA:62,1
DA:63,1
DA:64,1
DA:65,1
DA:68,1
DA:72,9
DA:73,9
DA:74,8
DA:76,1
DA:77,1
DA:78,1
DA:79,1
DA:80,1
DA:84,8
DA:85,8
DA:86,8
DA:90,8
DA:92,8
DA:94,3
DA:95,3
DA:96,3
DA:97,3
DA:100,3
DA:105,5
DA:106,1
DA:107,1
DA:108,1
DA:109,1
DA:110,1
DA:111,1
DA:114,4
DA:118,4
DA:120,2
DA:121,2
DA:124,2
DA:125,2
DA:126,2
DA:129,4
DA:130,4
DA:134,4
DA:136,1
DA:137,1
DA:138,1
DA:140,1
DA:141,1
DA:143,0
DA:147,1
DA:159,2
DA:161,2
DA:173,2
DA:174,2
DA:175,2
DA:176,0
DA:179,0
DA:183,0
DA:184,0
DA:196,2
DA:197,2
DA:208,2
DA:209,2
DA:211,0
DA:212,0
DA:220,2
DA:227,2
DA:228,2
DA:231,0
DA:232,0
DA:233,0
DA:235,0
DA:236,0
DA:238,0
DA:239,0
DA:243,0
DA:255,3
DA:256,3
DA:261,3
DA:262,3
DA:266,0
DA:282,5
DA:283,1
DA:284,1
DA:288,4
DA:289,4
DA:292,4
DA:293,4
DA:294,4
DA:296,0
DA:300,4
DA:301,0
DA:303,0
DA:306,0
DA:310,4
DA:318,0
DA:322,0
DA:324,0
DA:333,11
DA:335,11
DA:337,0
DA:349,4
DA:351,4
DA:353,0
DA:362,0
DA:365,0
DA:367,0
DA:368,0
DA:376,2
DA:377,2
DA:378,1
DA:379,1
DA:387,2
DA:388,2
LF:122
LH:93
BRDA:61,0,0,1
BRDA:78,1,0,1
BRDA:78,1,1,0
BRDA:92,2,0,3
BRDA:105,3,0,1
BRDA:118,4,0,2
BRDA:118,4,1,2
BRDA:124,5,0,2
BRDA:124,5,1,0
BRDA:137,6,0,1
BRDA:137,6,1,0
BRDA:175,7,0,0
BRDA:227,8,0,2
BRDA:227,9,0,2
BRDA:227,9,1,2
BRDA:231,10,0,0
BRDA:232,11,0,0
BRDA:235,12,0,0
BRDA:238,13,0,0
BRDA:243,14,0,0
BRDA:243,14,1,0
BRDA:282,15,0,1
BRDA:377,16,0,1
BRF:23
BRH:13
end_of_record
TN:
SF:src\repositories\PaymentRepository.ts
FN:15,(anonymous_0)
FN:21,(anonymous_1)
FN:61,(anonymous_2)
FN:71,(anonymous_3)
FN:104,(anonymous_4)
FN:126,(anonymous_5)
FN:154,(anonymous_6)
FN:162,(anonymous_7)
FN:184,(anonymous_8)
FN:231,(anonymous_9)
FN:264,(anonymous_10)
FN:301,(anonymous_11)
FN:312,(anonymous_12)
FN:327,(anonymous_13)
FN:344,(anonymous_14)
FN:355,(anonymous_15)
FN:359,(anonymous_16)
FN:360,(anonymous_17)
FN:368,(anonymous_18)
FN:389,(anonymous_19)
FN:415,(anonymous_20)
FN:437,(anonymous_21)
FN:443,(anonymous_22)
FNF:23
FNH:17
FNDA:27,(anonymous_0)
FNDA:10,(anonymous_1)
FNDA:10,(anonymous_2)
FNDA:10,(anonymous_3)
FNDA:5,(anonymous_4)
FNDA:3,(anonymous_5)
FNDA:1,(anonymous_6)
FNDA:2,(anonymous_7)
FNDA:2,(anonymous_8)
FNDA:1,(anonymous_9)
FNDA:4,(anonymous_10)
FNDA:1,(anonymous_11)
FNDA:2,(anonymous_12)
FNDA:0,(anonymous_13)
FNDA:0,(anonymous_14)
FNDA:0,(anonymous_15)
FNDA:0,(anonymous_16)
FNDA:0,(anonymous_17)
FNDA:1,(anonymous_18)
FNDA:0,(anonymous_19)
FNDA:2,(anonymous_20)
FNDA:1,(anonymous_21)
FNDA:11,(anonymous_22)
DA:7,1
DA:14,1
DA:15,27
DA:22,10
DA:24,10
DA:25,1
DA:28,10
DA:29,0
DA:32,10
DA:33,0
DA:37,10
DA:38,3
DA:41,10
DA:42,1
DA:45,10
DA:46,1
DA:49,10
DA:50,0
DA:53,10
DA:54,6
DA:63,10
DA:64,10
DA:72,10
DA:74,4
DA:94,4
DA:95,1
DA:98,3
DA:105,5
DA:111,5
DA:112,3
DA:114,2
DA:116,1
DA:119,2
DA:132,3
DA:137,3
DA:138,0
DA:142,3
DA:149,3
DA:150,0
DA:153,3
DA:154,1
DA:163,2
DA:169,2
DA:170,1
DA:172,1
DA:174,0
DA:177,1
DA:194,2
DA:195,2
DA:196,1
DA:200,1
DA:210,1
DA:211,0
DA:215,1
DA:224,1
DA:232,1
DA:242,1
DA:243,0
DA:247,1
DA:248,1
DA:257,1
DA:265,4
DA:281,4
DA:282,1
DA:285,3
DA:302,1
DA:308,1
DA:309,0
DA:312,2
DA:329,0
DA:335,0
DA:336,0
DA:339,0
DA:340,0
DA:344,0
DA:346,0
DA:351,0
DA:352,0
DA:355,0
DA:358,0
DA:359,0
DA:360,0
DA:362,0
DA:369,1
DA:379,1
DA:380,0
DA:383,1
DA:394,0
DA:405,0
DA:406,0
DA:409,0
DA:420,2
DA:427,2
DA:428,1
DA:431,2
DA:433,2
DA:434,0
DA:437,2
DA:444,11
LF:99
LH:70
BRDA:24,0,0,1
BRDA:24,1,0,10
BRDA:24,1,1,9
BRDA:28,2,0,0
BRDA:28,3,0,10
BRDA:28,3,1,10
BRDA:32,4,0,0
BRDA:32,5,0,10
BRDA:32,5,1,10
BRDA:37,6,0,3
BRDA:37,7,0,10
BRDA:37,7,1,10
BRDA:41,8,0,1
BRDA:41,9,0,10
BRDA:41,9,1,10
BRDA:45,10,0,1
BRDA:45,11,0,10
BRDA:45,11,1,10
BRDA:49,12,0,0
BRDA:49,13,0,10
BRDA:49,13,1,10
BRDA:53,14,0,6
BRDA:83,15,0,4
BRDA:83,15,1,4
BRDA:84,16,0,4
BRDA:84,16,1,4
BRDA:85,17,0,4
BRDA:85,17,1,4
BRDA:86,18,0,4
BRDA:86,18,1,4
BRDA:87,19,0,4
BRDA:87,19,1,4
BRDA:94,20,0,1
BRDA:111,21,0,3
BRDA:112,22,0,2
BRDA:128,23,0,1
BRDA:129,24,0,1
BRDA:137,25,0,0
BRDA:149,26,0,0
BRDA:154,27,0,3
BRDA:154,27,1,0
BRDA:155,28,0,3
BRDA:155,28,1,1
BRDA:169,29,0,1
BRDA:170,30,0,1
BRDA:195,31,0,1
BRDA:210,32,0,0
BRDA:220,33,0,1
BRDA:220,33,1,0
BRDA:221,34,0,1
BRDA:221,34,1,1
BRDA:242,35,0,0
BRDA:270,36,0,4
BRDA:270,36,1,0
BRDA:273,37,0,4
BRDA:273,37,1,1
BRDA:274,38,0,4
BRDA:274,38,1,2
BRDA:281,39,0,1
BRDA:308,40,0,0
BRDA:312,41,0,1
BRDA:312,41,1,0
BRDA:327,42,0,0
BRDA:335,43,0,0
BRDA:339,44,0,0
BRDA:339,45,0,0
BRDA:339,45,1,0
BRDA:351,46,0,0
BRDA:355,47,0,0
BRDA:355,47,1,0
BRDA:358,48,0,0
BRDA:358,48,1,0
BRDA:379,49,0,0
BRDA:405,50,0,0
BRDA:427,51,0,1
BRDA:433,52,0,0
BRDA:437,53,0,2
BRDA:437,53,1,0
BRDA:456,54,0,1
BRDA:456,54,1,10
BRDA:457,55,0,11
BRDA:457,55,1,11
BRF:82
BRH:56
end_of_record
TN:
SF:src\routes\payments.ts
FN:14,setupPaymentRoutes
FN:20,(anonymous_1)
FNF:2
FNH:0
FNDA:0,setupPaymentRoutes
FNDA:0,(anonymous_1)
DA:14,0
DA:20,0
DA:21,0
DA:22,0
DA:25,0
DA:26,0
DA:33,0
DA:35,0
DA:36,0
DA:43,0
DA:55,0
DA:56,0
LF:12
LH:0
BRDA:25,0,0,0
BRDA:25,1,0,0
BRDA:25,1,1,0
BRDA:35,2,0,0
BRDA:52,3,0,0
BRDA:52,3,1,0
BRDA:58,4,0,0
BRDA:58,4,1,0
BRF:8
BRH:0
end_of_record
TN:
SF:src\routes\reports.ts
FN:5,setupReportRoutes
FN:7,(anonymous_10)
FN:20,(anonymous_11)
FN:21,(anonymous_12)
FN:44,(anonymous_13)
FN:58,(anonymous_14)
FN:59,(anonymous_15)
FN:60,(anonymous_16)
FNF:8
FNH:0
FNDA:0,setupReportRoutes
FNDA:0,(anonymous_10)
FNDA:0,(anonymous_11)
FNDA:0,(anonymous_12)
FNDA:0,(anonymous_13)
FNDA:0,(anonymous_14)
FNDA:0,(anonymous_15)
FNDA:0,(anonymous_16)
DA:2,0
DA:3,0
DA:5,0
DA:7,0
DA:8,0
DA:9,0
DA:10,0
DA:12,0
DA:13,0
DA:15,0
DA:20,0
DA:21,0
DA:23,0
DA:31,0
DA:32,0
DA:36,0
DA:38,0
DA:39,0
DA:44,0
DA:45,0
DA:46,0
DA:47,0
DA:49,0
DA:50,0
DA:52,0
DA:58,0
DA:59,0
DA:60,0
DA:62,0
DA:72,0
DA:73,0
DA:77,0
DA:79,0
DA:80,0
LF:34
LH:0
BRDA:20,0,0,0
BRDA:20,0,1,0
BRDA:21,1,0,0
BRDA:21,1,1,0
BRDA:58,2,0,0
BRDA:58,2,1,0
BRDA:59,3,0,0
BRDA:59,3,1,0
BRDA:60,4,0,0
BRDA:60,4,1,0
BRF:10
BRH:0
end_of_record
TN:
SF:src\routes\whatsapp.ts
FN:5,setupWhatsAppRoutes
FN:7,(anonymous_10)
FN:32,(anonymous_11)
FNF:3
FNH:0
FNDA:0,setupWhatsAppRoutes
FNDA:0,(anonymous_10)
FNDA:0,(anonymous_11)
DA:2,0
DA:3,0
DA:5,0
DA:7,0
DA:8,0
DA:9,0
DA:10,0
DA:12,0
DA:15,0
DA:18,0
DA:19,0
DA:21,0
DA:24,0
DA:26,0
DA:27,0
DA:32,0
DA:33,0
LF:17
LH:0
BRDA:9,0,0,0
BRDA:9,0,1,0
BRDA:10,1,0,0
BRDA:10,1,1,0
BRDA:18,2,0,0
BRDA:18,2,1,0
BRF:6
BRH:0
end_of_record
TN:
SF:src\services\ConfigurationService.ts
FN:31,(anonymous_0)
FN:40,(anonymous_1)
FN:133,(anonymous_2)
FN:159,(anonymous_3)
FN:233,(anonymous_4)
FN:274,(anonymous_5)
FN:297,(anonymous_6)
FN:326,(anonymous_7)
FN:361,(anonymous_8)
FN:387,(anonymous_9)
FN:406,(anonymous_10)
FNF:11
FNH:10
FNDA:31,(anonymous_0)
FNDA:8,(anonymous_1)
FNDA:17,(anonymous_2)
FNDA:4,(anonymous_3)
FNDA:7,(anonymous_4)
FNDA:0,(anonymous_5)
FNDA:31,(anonymous_6)
FNDA:16,(anonymous_7)
FNDA:6,(anonymous_8)
FNDA:1,(anonymous_9)
FNDA:1,(anonymous_10)
DA:7,1
DA:27,1
DA:28,31
DA:29,31
DA:33,31
DA:49,8
DA:51,8
DA:52,1
DA:60,7
DA:61,0
DA:68,7
DA:69,3
DA:78,4
DA:86,4
DA:87,4
DA:96,0
DA:108,0
DA:109,0
DA:113,0
DA:115,0
DA:120,0
DA:121,0
DA:134,17
DA:136,17
DA:137,17
DA:138,13
DA:142,4
DA:143,4
DA:144,0
DA:145,0
DA:148,4
DA:150,0
DA:151,0
DA:163,4
DA:165,4
DA:166,4
DA:167,1
DA:174,3
DA:175,0
DA:183,3
DA:191,3
DA:192,3
DA:200,0
DA:207,0
DA:208,0
DA:212,0
DA:214,0
DA:216,0
DA:221,0
DA:222,0
DA:240,7
DA:242,7
DA:252,7
DA:253,0
DA:254,0
DA:261,0
DA:263,7
DA:275,0
DA:278,0
DA:280,0
DA:281,0
DA:282,0
DA:283,0
DA:284,0
DA:285,0
DA:286,0
DA:288,0
DA:290,0
DA:298,31
DA:300,31
DA:302,31
DA:303,3277
DA:304,3277
DA:305,12
DA:310,31
DA:311,12
DA:312,12
DA:313,12
DA:317,31
DA:319,0
DA:327,16
DA:328,16
DA:330,16
DA:331,16
DA:332,16
DA:333,16
DA:334,16
DA:335,16
DA:336,16
DA:338,16
DA:339,4
DA:342,12
DA:353,0
DA:354,0
DA:362,6
DA:363,6
DA:366,6
DA:367,2
DA:370,4
DA:371,4
DA:373,4
DA:378,4
DA:380,0
DA:388,1
DA:389,1
DA:391,1
DA:392,1
DA:393,1
DA:394,1
DA:395,1
DA:396,1
DA:397,1
DA:398,1
DA:400,1
DA:407,1
LF:115
LH:76
BRDA:46,0,0,5
BRDA:51,1,0,1
BRDA:51,2,0,8
BRDA:51,2,1,8
BRDA:51,2,2,8
BRDA:51,2,3,7
BRDA:51,2,4,7
BRDA:60,3,0,0
BRDA:60,4,0,7
BRDA:60,4,1,7
BRDA:68,5,0,3
BRDA:68,6,0,7
BRDA:68,6,1,4
BRDA:86,7,0,4
BRDA:90,8,0,4
BRDA:90,8,1,0
BRDA:103,9,0,0
BRDA:103,9,1,0
BRDA:124,10,0,0
BRDA:124,10,1,0
BRDA:137,11,0,13
BRDA:143,12,0,0
BRDA:166,13,0,1
BRDA:174,14,0,0
BRDA:174,15,0,3
BRDA:174,15,1,3
BRDA:191,16,0,3
BRDA:225,17,0,0
BRDA:225,17,1,0
BRDA:237,18,0,3
BRDA:238,19,0,0
BRDA:253,20,0,0
BRDA:265,21,0,7
BRDA:265,21,1,0
BRDA:304,22,0,12
BRDA:312,23,0,12
BRDA:334,24,0,16
BRDA:334,24,1,15
BRDA:335,25,0,16
BRDA:335,25,1,12
BRDA:338,26,0,4
BRDA:338,27,0,16
BRDA:338,27,1,12
BRDA:338,27,2,12
BRDA:338,27,3,12
BRDA:350,28,0,0
BRDA:350,28,1,12
BRDA:366,29,0,2
BRDA:366,30,0,6
BRDA:366,30,1,2
BRF:50
BRH:36
end_of_record
TN:
SF:src\services\CustomerCreditService.ts
FN:12,(anonymous_0)
FN:30,(anonymous_1)
FN:42,(anonymous_2)
FN:58,(anonymous_3)
FN:70,(anonymous_4)
FNF:5
FNH:0
FNDA:0,(anonymous_0)
FNDA:0,(anonymous_1)
FNDA:0,(anonymous_2)
FNDA:0,(anonymous_3)
FNDA:0,(anonymous_4)
DA:7,0
DA:23,0
DA:35,0
DA:52,0
DA:64,0
DA:77,0
LF:6
LH:0
BRDA:61,0,0,0
BRF:1
BRH:0
end_of_record
TN:
SF:src\services\OfflineQueueManager.ts
FN:12,(anonymous_0)
FN:28,(anonymous_1)
FN:39,(anonymous_2)
FN:52,(anonymous_3)
FN:64,(anonymous_4)
FN:74,(anonymous_5)
FNF:6
FNH:0
FNDA:0,(anonymous_0)
FNDA:0,(anonymous_1)
FNDA:0,(anonymous_2)
FNDA:0,(anonymous_3)
FNDA:0,(anonymous_4)
FNDA:0,(anonymous_5)
DA:7,0
DA:21,0
DA:32,0
DA:46,0
DA:58,0
DA:68,0
DA:76,0
LF:7
LH:0
BRDA:64,0,0,0
BRF:1
BRH:0
end_of_record
TN:
SF:src\services\PaymentService.ts
FN:23,(anonymous_0)
FN:39,(anonymous_1)
FN:135,(anonymous_2)
FN:150,(anonymous_3)
FN:154,(anonymous_4)
FN:154,(anonymous_5)
FN:168,(anonymous_6)
FN:200,(anonymous_7)
FN:311,(anonymous_8)
FN:348,(anonymous_9)
FN:407,(anonymous_10)
FN:419,(anonymous_11)
FN:432,(anonymous_12)
FN:445,(anonymous_13)
FN:454,(anonymous_14)
FN:463,(anonymous_15)
FN:476,(anonymous_16)
FNF:17
FNH:10
FNDA:58,(anonymous_0)
FNDA:28,(anonymous_1)
FNDA:0,(anonymous_2)
FNDA:9,(anonymous_3)
FNDA:0,(anonymous_4)
FNDA:0,(anonymous_5)
FNDA:13,(anonymous_6)
FNDA:21,(anonymous_7)
FNDA:8,(anonymous_8)
FNDA:8,(anonymous_9)
FNDA:0,(anonymous_10)
FNDA:0,(anonymous_11)
FNDA:0,(anonymous_12)
FNDA:0,(anonymous_13)
FNDA:2,(anonymous_14)
FNDA:28,(anonymous_15)
FNDA:26,(anonymous_16)
DA:7,1
DA:16,1
DA:20,58
DA:21,58
DA:28,58
DA:29,58
DA:30,58
DA:48,28
DA:49,5
DA:55,23
DA:61,23
DA:62,23
DA:72,1
DA:76,22
DA:78,22
DA:80,22
DA:88,9
DA:103,9
DA:111,13
DA:112,13
DA:115,13
DA:124,13
DA:129,13
DA:133,9
DA:134,9
DA:135,0
DA:138,9
DA:141,9
DA:143,9
DA:151,9
DA:153,9
DA:154,0
DA:156,0
DA:161,9
DA:170,13
DA:171,2
DA:173,11
DA:174,1
DA:176,10
DA:177,1
DA:179,9
DA:180,1
DA:182,8
DA:183,2
DA:185,6
DA:186,3
DA:188,3
DA:189,2
DA:192,1
DA:202,21
DA:203,21
DA:204,1
DA:205,1
DA:206,1
DA:210,20
DA:216,5
DA:217,5
DA:221,15
DA:222,1
DA:223,1
DA:226,14
DA:228,14
DA:234,13
DA:237,13
DA:239,5
DA:253,5
DA:255,4
DA:256,4
DA:262,0
DA:267,5
DA:268,5
DA:270,1
DA:275,5
DA:278,8
DA:280,8
DA:294,8
DA:295,8
DA:298,8
DA:302,1
DA:312,8
DA:322,8
DA:323,8
DA:327,0
DA:328,0
DA:331,0
DA:332,0
DA:335,0
DA:336,0
DA:340,0
DA:349,8
DA:351,8
DA:352,8
DA:353,1
DA:354,1
DA:358,7
DA:365,3
DA:366,3
DA:370,4
DA:372,4
DA:386,3
DA:392,3
DA:395,3
DA:397,1
DA:399,1
DA:412,0
DA:425,0
DA:438,0
DA:447,0
DA:455,2
DA:464,28
DA:465,1
DA:469,27
DA:470,27
DA:478,26
DA:479,26
DA:480,0
DA:481,0
DA:485,26
DA:486,26
DA:487,2
DA:488,2
LF:121
LH:104
BRDA:44,0,0,26
BRDA:48,1,0,5
BRDA:55,2,0,2
BRDA:55,2,1,21
BRDA:69,3,0,23
BRDA:69,3,1,22
BRDA:72,4,0,1
BRDA:72,4,1,0
BRDA:78,5,0,22
BRDA:78,5,1,22
BRDA:111,6,0,13
BRDA:111,6,1,0
BRDA:170,7,0,2
BRDA:173,8,0,1
BRDA:176,9,0,1
BRDA:179,10,0,1
BRDA:182,11,0,2
BRDA:182,12,0,8
BRDA:182,12,1,6
BRDA:185,13,0,3
BRDA:185,14,0,6
BRDA:185,14,1,5
BRDA:185,14,2,4
BRDA:188,15,0,2
BRDA:188,16,0,3
BRDA:188,16,1,1
BRDA:203,17,0,1
BRDA:210,18,0,5
BRDA:211,19,0,20
BRDA:211,19,1,19
BRDA:211,19,2,17
BRDA:211,19,3,16
BRDA:221,20,0,1
BRDA:237,21,0,5
BRDA:237,21,1,8
BRDA:253,22,0,4
BRDA:278,23,0,8
BRDA:278,23,1,0
BRDA:322,24,0,8
BRDA:327,25,0,0
BRDA:327,26,0,0
BRDA:327,26,1,0
BRDA:331,27,0,0
BRDA:331,28,0,0
BRDA:331,28,1,0
BRDA:335,29,0,0
BRDA:335,30,0,0
BRDA:335,30,1,0
BRDA:340,31,0,0
BRDA:340,31,1,0
BRDA:352,32,0,1
BRDA:358,33,0,3
BRDA:359,34,0,7
BRDA:359,34,1,6
BRDA:359,34,2,5
BRDA:359,34,3,4
BRDA:464,35,0,1
BRDA:464,36,0,28
BRDA:464,36,1,27
BRDA:479,37,0,0
BRDA:486,38,0,2
BRF:61
BRH:46
end_of_record
TN:
SF:src\services\ReconciliationService.ts
FN:25,(anonymous_0)
FN:34,(anonymous_1)
FN:107,(anonymous_2)
FN:146,(anonymous_3)
FN:175,(anonymous_4)
FN:224,(anonymous_5)
FN:271,(anonymous_6)
FN:286,(anonymous_7)
FN:301,(anonymous_8)
FN:314,(anonymous_9)
FN:330,(anonymous_10)
FN:343,(anonymous_11)
FN:363,(anonymous_12)
FNF:13
FNH:12
FNDA:18,(anonymous_0)
FNDA:8,(anonymous_1)
FNDA:10,(anonymous_2)
FNDA:2,(anonymous_3)
FNDA:3,(anonymous_4)
FNDA:2,(anonymous_5)
FNDA:6,(anonymous_6)
FNDA:0,(anonymous_7)
FNDA:2,(anonymous_8)
FNDA:2,(anonymous_9)
FNDA:1,(anonymous_10)
FNDA:1,(anonymous_11)
FNDA:9,(anonymous_12)
DA:7,1
DA:22,1
DA:26,18
DA:35,8
DA:37,8
DA:38,7
DA:39,1
DA:43,6
DA:44,6
DA:46,6
DA:47,6
DA:52,0
DA:53,0
DA:54,0
DA:58,0
DA:59,0
DA:62,0
DA:66,0
DA:69,0
DA:79,0
DA:85,0
DA:92,0
DA:96,0
DA:98,1
DA:99,1
DA:108,10
DA:109,10
DA:110,9
DA:111,1
DA:115,8
DA:120,8
DA:127,8
DA:136,8
DA:138,1
DA:147,2
DA:149,2
DA:151,2
DA:153,0
DA:159,0
DA:164,0
DA:167,0
DA:180,3
DA:181,3
DA:182,3
DA:183,2
DA:187,1
DA:190,1
DA:193,1
DA:194,1
DA:197,1
DA:203,1
DA:211,1
DA:215,2
DA:216,2
DA:228,2
DA:230,2
DA:232,2
DA:233,2
DA:234,2
DA:236,2
DA:237,0
DA:238,0
DA:239,0
DA:241,0
DA:245,2
DA:262,0
DA:263,0
DA:272,6
DA:276,6
DA:278,0
DA:279,0
DA:290,0
DA:292,0
DA:294,0
DA:302,2
DA:304,2
DA:306,0
DA:307,0
DA:318,2
DA:320,2
DA:322,0
DA:323,0
DA:331,1
DA:333,1
DA:335,0
DA:336,0
DA:349,1
DA:351,1
DA:355,0
DA:356,0
DA:368,9
DA:370,9
DA:372,0
LF:93
LH:57
BRDA:38,0,0,1
BRDA:44,1,0,6
BRDA:52,2,0,0
BRDA:58,3,0,0
BRDA:99,4,0,1
BRDA:99,4,1,0
BRDA:110,5,0,1
BRDA:182,6,0,2
BRDA:193,7,0,1
BRDA:193,7,1,1
BRDA:238,8,0,0
BRDA:238,8,1,0
BRDA:256,9,0,0
BRDA:256,9,1,2
BRF:14
BRH:8
end_of_record
TN:
SF:src\services\ai-agent.ts
FN:13,processQuery
FN:58,buildContext
FN:72,(anonymous_12)
FN:73,(anonymous_13)
FNF:4
FNH:0
FNDA:0,processQuery
FNDA:0,buildContext
FNDA:0,(anonymous_12)
FNDA:0,(anonymous_13)
DA:1,0
DA:3,0
DA:5,0
DA:13,0
DA:14,0
DA:16,0
DA:18,0
DA:43,0
DA:45,0
DA:50,0
DA:51,0
DA:59,0
DA:60,0
DA:61,0
DA:63,0
DA:64,0
DA:66,0
DA:72,0
DA:73,0
DA:75,0
DA:83,0
DA:84,0
LF:22
LH:0
BRDA:43,0,0,0
BRDA:43,0,1,0
BRDA:72,1,0,0
BRDA:72,1,1,0
BRDA:73,2,0,0
BRDA:73,2,1,0
BRF:6
BRH:0
end_of_record
TN:
SF:src\services\supabase.ts
FN:9,getSalesSummary
FN:20,getCreditSummary
FN:31,getStockSummary
FN:40,getCustomers
FN:49,getStores
FNF:5
FNH:0
FNDA:0,getSalesSummary
FNDA:0,getCreditSummary
FNDA:0,getStockSummary
FNDA:0,getCustomers
FNDA:0,getStores
DA:1,0
DA:2,0
DA:4,0
DA:9,0
DA:10,0
DA:16,0
DA:17,0
DA:20,0
DA:21,0
DA:27,0
DA:28,0
DA:31,0
DA:32,0
DA:36,0
DA:37,0
DA:40,0
DA:41,0
DA:45,0
DA:46,0
DA:49,0
DA:50,0
DA:54,0
DA:55,0
LF:23
LH:0
BRDA:16,0,0,0
BRDA:27,1,0,0
BRDA:36,2,0,0
BRDA:45,3,0,0
BRDA:54,4,0,0
BRF:5
BRH:0
end_of_record
TN:
SF:src\services\whatsapp.ts
FN:6,sendMessage
FN:23,sendMessageWithAttachment
FN:42,validateWebhook
FNF:3
FNH:0
FNDA:0,sendMessage
FNDA:0,sendMessageWithAttachment
FNDA:0,validateWebhook
DA:1,0
DA:2,0
DA:4,0
DA:6,0
DA:10,0
DA:11,0
DA:16,0
DA:18,0
DA:19,0
DA:23,0
DA:28,0
DA:29,0
DA:35,0
DA:37,0
DA:38,0
DA:42,0
DA:47,0
DA:48,0
DA:50,0
DA:55,0
LF:20
LH:0
BRF:0
BRH:0
end_of_record
TN:
SF:src\services\mpesa\MpesaApiClient.ts
FN:27,(anonymous_9)
FN:50,(anonymous_10)
FN:58,(anonymous_11)
FN:86,(anonymous_12)
FN:113,(anonymous_13)
FN:141,(anonymous_14)
FN:159,(anonymous_15)
FN:184,(anonymous_16)
FN:202,(anonymous_17)
FN:220,(anonymous_18)
FN:234,(anonymous_19)
FN:245,(anonymous_20)
FNF:12
FNH:12
FNDA:33,(anonymous_9)
FNDA:17,(anonymous_10)
FNDA:40,(anonymous_11)
FNDA:3,(anonymous_12)
FNDA:6,(anonymous_13)
FNDA:3,(anonymous_14)
FNDA:6,(anonymous_15)
FNDA:3,(anonymous_16)
FNDA:6,(anonymous_17)
FNDA:24,(anonymous_18)
FNDA:34,(anonymous_19)
FNDA:4,(anonymous_20)
DA:7,2
DA:18,2
DA:24,33
DA:25,33
DA:34,33
DA:35,33
DA:36,33
DA:37,33
DA:40,33
DA:52,17
DA:53,1
DA:56,16
DA:58,16
DA:59,40
DA:66,39
DA:67,31
DA:70,8
DA:73,8
DA:75,8
DA:76,8
DA:78,8
DA:92,3
DA:94,3
DA:95,3
DA:99,3
DA:113,3
DA:114,6
DA:123,6
DA:124,4
DA:125,4
DA:130,2
DA:133,2
DA:134,2
DA:145,3
DA:147,3
DA:148,3
DA:152,3
DA:159,3
DA:160,6
DA:169,6
DA:170,4
DA:173,2
DA:176,2
DA:177,2
DA:185,3
DA:187,3
DA:192,2
DA:194,1
DA:203,6
DA:213,6
DA:224,24
DA:226,24
DA:227,58
DA:228,58
DA:230,45
DA:232,45
DA:233,34
DA:234,34
DA:239,11
DA:246,4
DA:247,1
DA:250,3
DA:252,3
DA:253,1
DA:256,2
DA:258,2
DA:259,1
DA:262,1
LF:68
LH:68
BRDA:32,0,0,0
BRDA:41,1,0,32
BRDA:41,1,1,1
BRDA:52,2,0,1
BRDA:52,3,0,17
BRDA:52,3,1,1
BRDA:52,3,2,1
BRDA:66,4,0,31
BRDA:123,5,0,4
BRDA:123,6,0,6
BRDA:123,6,1,4
BRDA:169,7,0,4
BRDA:213,8,0,6
BRDA:213,8,1,1
BRDA:222,9,0,22
BRDA:230,10,0,44
BRDA:230,10,1,1
BRDA:232,11,0,34
BRDA:246,12,0,1
BRDA:246,13,0,4
BRDA:246,13,1,3
BRDA:252,14,0,1
BRDA:252,15,0,3
BRDA:252,15,1,2
BRDA:258,16,0,1
BRDA:258,17,0,2
BRDA:258,17,1,1
BRF:27
BRH:26
end_of_record
TN:
SF:src\types\payment.ts
FN:9,(anonymous_0)
FNF:1
FNH:1
FNDA:4,(anonymous_0)
DA:9,4
DA:10,4
DA:11,4
DA:12,4
DA:13,4
DA:14,4
DA:15,4
LF:7
LH:7
BRDA:9,0,0,4
BRDA:9,0,1,4
BRF:2
BRH:2
end_of_record
